<?xml version="1.0" encoding="UTF-8"?>
<robot generator="Robot 3.1 (Python 3.7.0 on win32)" generated="20181208 21:58:34.747" rpa="false">
<suite id="s1" name="Multi Suite" source="Z:\Automated-Testing\robotframework\multi_suite">
<suite id="s1-s1" name="Tests" source="Z:\Automated-Testing\robotframework\multi_suite\Tests">
<suite id="s1-s1-s1" name="Product 1" source="Z:\Automated-Testing\robotframework\multi_suite\Tests\Product_1">
<suite id="s1-s1-s1-s1" name="API" source="Z:\Automated-Testing\robotframework\multi_suite\Tests\Product_1\API">
<suite id="s1-s1-s1-s1-s1" name="Feature 1" source="Z:\Automated-Testing\robotframework\multi_suite\Tests\Product_1\API\Feature_1.robot">
<test id="s1-s1-s1-s1-s1-t1" name="Simpy load a web page">
<kw name="Open Browser" library="SeleniumLibrary">
<doc>Opens a new browser instance to the given ``url``.</doc>
<arguments>
<arg>https://www.google.com</arg>
<arg>chrome</arg>
</arguments>
<msg timestamp="20181208 21:58:34.945" level="INFO">Opening browser 'chrome' to base url 'https://www.google.com'.</msg>
<status status="PASS" starttime="20181208 21:58:34.944" endtime="20181208 21:58:38.287"></status>
</kw>
<kw name="Log Title" library="SeleniumLibrary">
<doc>Logs and returns the title of current page.</doc>
<msg timestamp="20181208 21:58:38.292" level="INFO">Google</msg>
<status status="PASS" starttime="20181208 21:58:38.288" endtime="20181208 21:58:38.293"></status>
</kw>
<kw name="Close Browser" library="SeleniumLibrary">
<doc>Closes the current browser.</doc>
<status status="PASS" starttime="20181208 21:58:38.293" endtime="20181208 21:58:40.392"></status>
</kw>
<doc>Opens Google</doc>
<tags>
<tag>Smoke</tag>
</tags>
<status status="PASS" starttime="20181208 21:58:34.944" endtime="20181208 21:58:40.392" critical="yes"></status>
</test>
<doc>Basic info about a test suite</doc>
<status status="PASS" starttime="20181208 21:58:34.835" endtime="20181208 21:58:40.393"></status>
</suite>
<suite id="s1-s1-s1-s1-s2" name="Feature 2" source="Z:\Automated-Testing\robotframework\multi_suite\Tests\Product_1\API\Feature_2.robot">
<test id="s1-s1-s1-s1-s2-t1" name="Simpy load a web page">
<kw name="Open Browser" library="SeleniumLibrary">
<doc>Opens a new browser instance to the given ``url``.</doc>
<arguments>
<arg>https://www.google.com</arg>
<arg>chrome</arg>
</arguments>
<msg timestamp="20181208 21:58:40.397" level="INFO">Opening browser 'chrome' to base url 'https://www.google.com'.</msg>
<status status="PASS" starttime="20181208 21:58:40.397" endtime="20181208 21:58:43.894"></status>
</kw>
<kw name="Log Title" library="SeleniumLibrary">
<doc>Logs and returns the title of current page.</doc>
<msg timestamp="20181208 21:58:43.899" level="INFO">Google</msg>
<status status="PASS" starttime="20181208 21:58:43.894" endtime="20181208 21:58:43.899"></status>
</kw>
<kw name="Close Browser" library="SeleniumLibrary">
<doc>Closes the current browser.</doc>
<status status="PASS" starttime="20181208 21:58:43.899" endtime="20181208 21:58:45.997"></status>
</kw>
<doc>Opens Google</doc>
<tags>
<tag>Smoke</tag>
</tags>
<status status="PASS" starttime="20181208 21:58:40.396" endtime="20181208 21:58:45.997" critical="yes"></status>
</test>
<doc>Basic info about a test suite</doc>
<status status="PASS" starttime="20181208 21:58:40.394" endtime="20181208 21:58:45.998"></status>
</suite>
<status status="PASS" starttime="20181208 21:58:34.833" endtime="20181208 21:58:45.999"></status>
</suite>
<suite id="s1-s1-s1-s2" name="Web" source="Z:\Automated-Testing\robotframework\multi_suite\Tests\Product_1\Web">
<suite id="s1-s1-s1-s2-s1" name="Feature 1" source="Z:\Automated-Testing\robotframework\multi_suite\Tests\Product_1\Web\Feature_1.robot">
<test id="s1-s1-s1-s2-s1-t1" name="Simpy load a web page">
<kw name="Open Browser" library="SeleniumLibrary">
<doc>Opens a new browser instance to the given ``url``.</doc>
<arguments>
<arg>https://www.google.com</arg>
<arg>chrome</arg>
</arguments>
<msg timestamp="20181208 21:58:46.005" level="INFO">Opening browser 'chrome' to base url 'https://www.google.com'.</msg>
<status status="PASS" starttime="20181208 21:58:46.005" endtime="20181208 21:58:49.494"></status>
</kw>
<kw name="Log Title" library="SeleniumLibrary">
<doc>Logs and returns the title of current page.</doc>
<msg timestamp="20181208 21:58:49.498" level="INFO">Google</msg>
<status status="PASS" starttime="20181208 21:58:49.494" endtime="20181208 21:58:49.498"></status>
</kw>
<kw name="Close Browser" library="SeleniumLibrary">
<doc>Closes the current browser.</doc>
<status status="PASS" starttime="20181208 21:58:49.498" endtime="20181208 21:58:51.597"></status>
</kw>
<doc>Opens Google</doc>
<tags>
<tag>Smoke</tag>
</tags>
<status status="PASS" starttime="20181208 21:58:46.004" endtime="20181208 21:58:51.597" critical="yes"></status>
</test>
<doc>Basic info about a test suite</doc>
<status status="PASS" starttime="20181208 21:58:46.002" endtime="20181208 21:58:51.598"></status>
</suite>
<suite id="s1-s1-s1-s2-s2" name="Feature 2" source="Z:\Automated-Testing\robotframework\multi_suite\Tests\Product_1\Web\Feature_2.robot">
<test id="s1-s1-s1-s2-s2-t1" name="Simpy load a web page">
<kw name="Open Browser" library="SeleniumLibrary">
<doc>Opens a new browser instance to the given ``url``.</doc>
<arguments>
<arg>https://www.google.com</arg>
<arg>chrome</arg>
</arguments>
<msg timestamp="20181208 21:58:51.602" level="INFO">Opening browser 'chrome' to base url 'https://www.google.com'.</msg>
<status status="PASS" starttime="20181208 21:58:51.602" endtime="20181208 21:58:55.861"></status>
</kw>
<kw name="Log Title" library="SeleniumLibrary">
<doc>Logs and returns the title of current page.</doc>
<msg timestamp="20181208 21:58:55.866" level="INFO">Google</msg>
<status status="PASS" starttime="20181208 21:58:55.862" endtime="20181208 21:58:55.866"></status>
</kw>
<kw name="Close Browser" library="SeleniumLibrary">
<doc>Closes the current browser.</doc>
<status status="PASS" starttime="20181208 21:58:55.866" endtime="20181208 21:58:57.984"></status>
</kw>
<doc>Opens Google</doc>
<tags>
<tag>Smoke</tag>
</tags>
<status status="PASS" starttime="20181208 21:58:51.601" endtime="20181208 21:58:57.984" critical="yes"></status>
</test>
<doc>Basic info about a test suite</doc>
<status status="PASS" starttime="20181208 21:58:51.599" endtime="20181208 21:58:57.985"></status>
</suite>
<status status="PASS" starttime="20181208 21:58:46.001" endtime="20181208 21:58:57.986"></status>
</suite>
<status status="PASS" starttime="20181208 21:58:34.831" endtime="20181208 21:58:57.988"></status>
</suite>
<suite id="s1-s1-s2" name="Product 2" source="Z:\Automated-Testing\robotframework\multi_suite\Tests\Product_2">
<suite id="s1-s1-s2-s1" name="API" source="Z:\Automated-Testing\robotframework\multi_suite\Tests\Product_2\API">
<suite id="s1-s1-s2-s1-s1" name="Feature 1" source="Z:\Automated-Testing\robotframework\multi_suite\Tests\Product_2\API\Feature_1.robot">
<test id="s1-s1-s2-s1-s1-t1" name="Simpy load a web page">
<kw name="Open Browser" library="SeleniumLibrary">
<doc>Opens a new browser instance to the given ``url``.</doc>
<arguments>
<arg>https://www.google.com</arg>
<arg>chrome</arg>
</arguments>
<msg timestamp="20181208 21:58:57.996" level="INFO">Opening browser 'chrome' to base url 'https://www.google.com'.</msg>
<status status="PASS" starttime="20181208 21:58:57.996" endtime="20181208 21:59:01.454"></status>
</kw>
<kw name="Log Title" library="SeleniumLibrary">
<doc>Logs and returns the title of current page.</doc>
<msg timestamp="20181208 21:59:01.458" level="INFO">Google</msg>
<status status="PASS" starttime="20181208 21:59:01.454" endtime="20181208 21:59:01.459"></status>
</kw>
<kw name="Close Browser" library="SeleniumLibrary">
<doc>Closes the current browser.</doc>
<status status="PASS" starttime="20181208 21:59:01.459" endtime="20181208 21:59:03.554"></status>
</kw>
<doc>Opens Google</doc>
<tags>
<tag>Smoke</tag>
</tags>
<status status="PASS" starttime="20181208 21:58:57.995" endtime="20181208 21:59:03.554" critical="yes"></status>
</test>
<doc>Basic info about a test suite</doc>
<status status="PASS" starttime="20181208 21:58:57.993" endtime="20181208 21:59:03.555"></status>
</suite>
<suite id="s1-s1-s2-s1-s2" name="Feature 2" source="Z:\Automated-Testing\robotframework\multi_suite\Tests\Product_2\API\Feature_2.robot">
<test id="s1-s1-s2-s1-s2-t1" name="Simpy load a web page">
<kw name="Open Browser" library="SeleniumLibrary">
<doc>Opens a new browser instance to the given ``url``.</doc>
<arguments>
<arg>https://www.google.com</arg>
<arg>chrome</arg>
</arguments>
<msg timestamp="20181208 21:59:03.560" level="INFO">Opening browser 'chrome' to base url 'https://www.google.com'.</msg>
<status status="PASS" starttime="20181208 21:59:03.559" endtime="20181208 21:59:07.090"></status>
</kw>
<kw name="Log Title" library="SeleniumLibrary">
<doc>Logs and returns the title of current page.</doc>
<msg timestamp="20181208 21:59:07.093" level="INFO">Google</msg>
<status status="PASS" starttime="20181208 21:59:07.090" endtime="20181208 21:59:07.094"></status>
</kw>
<kw name="Close Browser" library="SeleniumLibrary">
<doc>Closes the current browser.</doc>
<status status="PASS" starttime="20181208 21:59:07.094" endtime="20181208 21:59:09.186"></status>
</kw>
<doc>Opens Google</doc>
<tags>
<tag>Smoke</tag>
</tags>
<status status="PASS" starttime="20181208 21:59:03.559" endtime="20181208 21:59:09.186" critical="yes"></status>
</test>
<doc>Basic info about a test suite</doc>
<status status="PASS" starttime="20181208 21:59:03.556" endtime="20181208 21:59:09.187"></status>
</suite>
<status status="PASS" starttime="20181208 21:58:57.992" endtime="20181208 21:59:09.188"></status>
</suite>
<suite id="s1-s1-s2-s2" name="Web" source="Z:\Automated-Testing\robotframework\multi_suite\Tests\Product_2\Web">
<suite id="s1-s1-s2-s2-s1" name="Feature 1" source="Z:\Automated-Testing\robotframework\multi_suite\Tests\Product_2\Web\Feature_1.robot">
<test id="s1-s1-s2-s2-s1-t1" name="Simpy load a web page">
<kw name="Open Browser" library="SeleniumLibrary">
<doc>Opens a new browser instance to the given ``url``.</doc>
<arguments>
<arg>https://www.google.com</arg>
<arg>chrome</arg>
</arguments>
<msg timestamp="20181208 21:59:09.194" level="INFO">Opening browser 'chrome' to base url 'https://www.google.com'.</msg>
<status status="PASS" starttime="20181208 21:59:09.194" endtime="20181208 21:59:12.651"></status>
</kw>
<kw name="Log Title" library="SeleniumLibrary">
<doc>Logs and returns the title of current page.</doc>
<msg timestamp="20181208 21:59:12.655" level="INFO">Google</msg>
<status status="PASS" starttime="20181208 21:59:12.652" endtime="20181208 21:59:12.655"></status>
</kw>
<kw name="Close Browser" library="SeleniumLibrary">
<doc>Closes the current browser.</doc>
<status status="PASS" starttime="20181208 21:59:12.656" endtime="20181208 21:59:14.755"></status>
</kw>
<doc>Opens Google</doc>
<tags>
<tag>Smoke</tag>
</tags>
<status status="PASS" starttime="20181208 21:59:09.193" endtime="20181208 21:59:14.755" critical="yes"></status>
</test>
<doc>Basic info about a test suite</doc>
<status status="PASS" starttime="20181208 21:59:09.191" endtime="20181208 21:59:14.756"></status>
</suite>
<suite id="s1-s1-s2-s2-s2" name="Feature 2" source="Z:\Automated-Testing\robotframework\multi_suite\Tests\Product_2\Web\Feature_2.robot">
<test id="s1-s1-s2-s2-s2-t1" name="Simpy load a web page">
<kw name="Open Browser" library="SeleniumLibrary">
<doc>Opens a new browser instance to the given ``url``.</doc>
<arguments>
<arg>https://www.google.com</arg>
<arg>chrome</arg>
</arguments>
<msg timestamp="20181208 21:59:14.760" level="INFO">Opening browser 'chrome' to base url 'https://www.google.com'.</msg>
<status status="PASS" starttime="20181208 21:59:14.760" endtime="20181208 21:59:18.204"></status>
</kw>
<kw name="Log Title" library="SeleniumLibrary">
<doc>Logs and returns the title of current page.</doc>
<msg timestamp="20181208 21:59:18.208" level="INFO">Google</msg>
<status status="PASS" starttime="20181208 21:59:18.204" endtime="20181208 21:59:18.208"></status>
</kw>
<kw name="Close Browser" library="SeleniumLibrary">
<doc>Closes the current browser.</doc>
<status status="PASS" starttime="20181208 21:59:18.208" endtime="20181208 21:59:20.298"></status>
</kw>
<doc>Opens Google</doc>
<tags>
<tag>Smoke</tag>
</tags>
<status status="PASS" starttime="20181208 21:59:14.759" endtime="20181208 21:59:20.298" critical="yes"></status>
</test>
<doc>Basic info about a test suite</doc>
<status status="PASS" starttime="20181208 21:59:14.757" endtime="20181208 21:59:20.299"></status>
</suite>
<status status="PASS" starttime="20181208 21:59:09.190" endtime="20181208 21:59:20.300"></status>
</suite>
<status status="PASS" starttime="20181208 21:58:57.990" endtime="20181208 21:59:20.302"></status>
</suite>
<status status="PASS" starttime="20181208 21:58:34.830" endtime="20181208 21:59:20.305"></status>
</suite>
<status status="PASS" starttime="20181208 21:58:34.805" endtime="20181208 21:59:20.309"></status>
</suite>
<statistics>
<total>
<stat pass="8" fail="0">Critical Tests</stat>
<stat pass="8" fail="0">All Tests</stat>
</total>
<tag>
<stat pass="8" fail="0">Smoke</stat>
</tag>
<suite>
<stat pass="8" fail="0" id="s1" name="Multi Suite">Multi Suite</stat>
<stat pass="8" fail="0" id="s1-s1" name="Tests">Multi Suite.Tests</stat>
<stat pass="4" fail="0" id="s1-s1-s1" name="Product 1">Multi Suite.Tests.Product 1</stat>
<stat pass="2" fail="0" id="s1-s1-s1-s1" name="API">Multi Suite.Tests.Product 1.API</stat>
<stat pass="1" fail="0" id="s1-s1-s1-s1-s1" name="Feature 1">Multi Suite.Tests.Product 1.API.Feature 1</stat>
<stat pass="1" fail="0" id="s1-s1-s1-s1-s2" name="Feature 2">Multi Suite.Tests.Product 1.API.Feature 2</stat>
<stat pass="2" fail="0" id="s1-s1-s1-s2" name="Web">Multi Suite.Tests.Product 1.Web</stat>
<stat pass="1" fail="0" id="s1-s1-s1-s2-s1" name="Feature 1">Multi Suite.Tests.Product 1.Web.Feature 1</stat>
<stat pass="1" fail="0" id="s1-s1-s1-s2-s2" name="Feature 2">Multi Suite.Tests.Product 1.Web.Feature 2</stat>
<stat pass="4" fail="0" id="s1-s1-s2" name="Product 2">Multi Suite.Tests.Product 2</stat>
<stat pass="2" fail="0" id="s1-s1-s2-s1" name="API">Multi Suite.Tests.Product 2.API</stat>
<stat pass="1" fail="0" id="s1-s1-s2-s1-s1" name="Feature 1">Multi Suite.Tests.Product 2.API.Feature 1</stat>
<stat pass="1" fail="0" id="s1-s1-s2-s1-s2" name="Feature 2">Multi Suite.Tests.Product 2.API.Feature 2</stat>
<stat pass="2" fail="0" id="s1-s1-s2-s2" name="Web">Multi Suite.Tests.Product 2.Web</stat>
<stat pass="1" fail="0" id="s1-s1-s2-s2-s1" name="Feature 1">Multi Suite.Tests.Product 2.Web.Feature 1</stat>
<stat pass="1" fail="0" id="s1-s1-s2-s2-s2" name="Feature 2">Multi Suite.Tests.Product 2.Web.Feature 2</stat>
</suite>
</statistics>
<errors>
</errors>
</robot>
