<?xml version="1.0" encoding="UTF-8"?>
<robot generator="Robot 3.1 (Python 3.7.0 on win32)" generated="20181209 22:12:22.020" rpa="false">
<suite id="s1" name="Hello World Scripts" source="Z:\Automated-Testing\robotframework\hello_world_scripts">
<suite id="s1-s1" name="Tests" source="Z:\Automated-Testing\robotframework\hello_world_scripts\Tests">
<suite id="s1-s1-s1" name="AmazonImproved" source="Z:\Automated-Testing\robotframework\hello_world_scripts\Tests\AmazonImproved.robot">
<test id="s1-s1-s1-t1" name="User must sign in to check out">
<kw name="Begin Web Test">
<kw name="Open Browser" library="SeleniumLibrary">
<doc>Opens a new browser instance to the given ``url``.</doc>
<arguments>
<arg>about:blank</arg>
<arg>chrome</arg>
</arguments>
<msg timestamp="20181209 22:12:22.160" level="INFO">Opening browser 'chrome' to base url 'about:blank'.</msg>
<status status="PASS" starttime="20181209 22:12:22.160" endtime="20181209 22:12:24.178"></status>
</kw>
<status status="PASS" starttime="20181209 22:12:22.160" endtime="20181209 22:12:24.178"></status>
</kw>
<kw name="Search for Products">
<kw name="Go To" library="SeleniumLibrary">
<doc>Navigates the active browser instance to the provided ``url``.</doc>
<arguments>
<arg>https://www.amazon.com</arg>
</arguments>
<msg timestamp="20181209 22:12:24.179" level="INFO">Opening url 'https://www.amazon.com'</msg>
<status status="PASS" starttime="20181209 22:12:24.179" endtime="20181209 22:12:26.727"></status>
</kw>
<kw name="Wait Until Page Contains" library="SeleniumLibrary">
<doc>Waits until ``text`` appears on current page.</doc>
<arguments>
<arg>Your Amazon.com</arg>
</arguments>
<status status="PASS" starttime="20181209 22:12:26.728" endtime="20181209 22:12:26.753"></status>
</kw>
<kw name="Input Text" library="SeleniumLibrary">
<doc>Types the given ``text`` into text field identified by ``locator``.</doc>
<arguments>
<arg>id=twotabsearchtextbox</arg>
<arg>FiiO FH5</arg>
</arguments>
<msg timestamp="20181209 22:12:26.754" level="INFO">Typing text 'FiiO FH5' into text field 'id=twotabsearchtextbox'.</msg>
<status status="PASS" starttime="20181209 22:12:26.753" endtime="20181209 22:12:26.861"></status>
</kw>
<kw name="Click Button" library="SeleniumLibrary">
<doc>Clicks button identified by ``locator``.</doc>
<arguments>
<arg>xpath=//*[@id="nav-search"]/form/div[2]/div/input</arg>
</arguments>
<msg timestamp="20181209 22:12:26.862" level="INFO">Clicking button 'xpath=//*[@id="nav-search"]/form/div[2]/div/input'.</msg>
<status status="PASS" starttime="20181209 22:12:26.861" endtime="20181209 22:12:28.967"></status>
</kw>
<kw name="Wait Until Page Contains" library="SeleniumLibrary">
<doc>Waits until ``text`` appears on current page.</doc>
<arguments>
<arg>results for "FiiO FH5"</arg>
</arguments>
<status status="PASS" starttime="20181209 22:12:28.967" endtime="20181209 22:12:28.992"></status>
</kw>
<status status="PASS" starttime="20181209 22:12:24.178" endtime="20181209 22:12:28.992"></status>
</kw>
<kw name="Select Product from Search Results">
<kw name="Click Link" library="SeleniumLibrary">
<doc>Clicks a link identified by ``locator``.</doc>
<arguments>
<arg>css=#result_0 a.s-access-detail-page</arg>
</arguments>
<msg timestamp="20181209 22:12:28.993" level="INFO">Clicking link 'css=#result_0 a.s-access-detail-page'.</msg>
<status status="PASS" starttime="20181209 22:12:28.992" endtime="20181209 22:12:32.734"></status>
</kw>
<kw name="Wait Until Page Contains" library="SeleniumLibrary">
<doc>Waits until ``text`` appears on current page.</doc>
<arguments>
<arg>Back to search results</arg>
</arguments>
<status status="PASS" starttime="20181209 22:12:32.735" endtime="20181209 22:12:32.789"></status>
</kw>
<status status="PASS" starttime="20181209 22:12:28.992" endtime="20181209 22:12:32.789"></status>
</kw>
<kw name="Add Product to Cart">
<kw name="Click Button" library="SeleniumLibrary">
<doc>Clicks button identified by ``locator``.</doc>
<arguments>
<arg>id=add-to-cart-button</arg>
</arguments>
<msg timestamp="20181209 22:12:32.790" level="INFO">Clicking button 'id=add-to-cart-button'.</msg>
<status status="PASS" starttime="20181209 22:12:32.790" endtime="20181209 22:12:32.953"></status>
</kw>
<kw name="Wait Until Page Contains" library="SeleniumLibrary">
<doc>Waits until ``text`` appears on current page.</doc>
<arguments>
<arg>No Thanks</arg>
</arguments>
<status status="PASS" starttime="20181209 22:12:32.953" endtime="20181209 22:12:33.235"></status>
</kw>
<kw name="Sleep" library="BuiltIn">
<doc>Pauses the test executed for the given time.</doc>
<arguments>
<arg>2s</arg>
</arguments>
<msg timestamp="20181209 22:12:35.238" level="INFO">Slept 2 seconds</msg>
<status status="PASS" starttime="20181209 22:12:33.236" endtime="20181209 22:12:35.238"></status>
</kw>
<kw name="Click Element" library="SeleniumLibrary">
<doc>Click element identified by ``locator``.</doc>
<arguments>
<arg>xpath://*[@id="a-popover-6"]/div/header/button</arg>
</arguments>
<msg timestamp="20181209 22:12:35.239" level="INFO">Clicking element 'xpath://*[@id="a-popover-6"]/div/header/button'.</msg>
<status status="PASS" starttime="20181209 22:12:35.238" endtime="20181209 22:12:36.546"></status>
</kw>
<kw name="Wait Until Page Contains" library="SeleniumLibrary">
<doc>Waits until ``text`` appears on current page.</doc>
<arguments>
<arg>Added to Cart</arg>
</arguments>
<status status="PASS" starttime="20181209 22:12:36.546" endtime="20181209 22:12:36.623"></status>
</kw>
<status status="PASS" starttime="20181209 22:12:32.789" endtime="20181209 22:12:36.623"></status>
</kw>
<kw name="Begin Checkout">
<kw name="Page Should Contain Element" library="SeleniumLibrary">
<doc>Verifies that element ``locator`` is found on the current page.</doc>
<arguments>
<arg>ap_signin1a_pagelet_title</arg>
</arguments>
<msg timestamp="20181209 22:12:36.716" level="INFO">&lt;!DOCTYPE html&gt;&lt;html xmlns="http://www.w3.org/1999/xhtml" class=" a-js a-audio a-video a-canvas a-svg a-drag-drop a-geolocation a-history a-webworker a-autofocus a-input-placeholder a-textarea-placeholder a-local-storage a-gradients a-transform3d a-touch-scrolling a-text-shadow a-text-stroke a-box-shadow a-border-radius a-border-image a-opacity a-transform a-transition a-ember" data-19ax5a9jf="dingo" data-aui-build-date="3.18.16-2018-11-20"&gt;&lt;head&gt;&lt;script async="" src="https://images-na.ssl-images-amazon.com/images/G/01/AUIClients/FWCIMAssets.148f47471e796e4f26660da08d82aa54302bd9af._V2_.js" crossorigin="anonymous"&gt;&lt;/script&gt;&lt;script async="" src="https://images-na.ssl-images-amazon.com/images/G/01/AUIClients/ClientSideMetricsAUIJavascript@jserrorsForesterSushi.8df8e2e82482f38df0566d0e297d4722608dec2d._V2_.js" crossorigin="anonymous"&gt;&lt;/script&gt;

&lt;!-- Start: injected by Adguard --&gt;
&lt;style type="text/css" nonce="915fab6e3c624bf69eb4caf68a26cc0b"&gt;embed[height="175"][width="175"], embed[height="200"][width="100%"], embed[height="200"][width="175"], embed[height="233"][width="280"], embed[height="250"][width="175"], embed[width="100%"][height="100"], embed[width="1000"][height="150"], embed[width="120"][height="240"], embed[width="120"][height="600"], embed[width="160"][height="600"], embed[width="180"][height="300"], embed[width="180"][height="530"], embed[width="200"][height="230"], embed[width="200"][height="250"], embed[width="200"][height="300"], embed[width="200"][height="400"], embed[width="200"][height="500"], embed[width="210"][height="270"], embed[width="212"][height="300"], embed[width="215"][height="359"], embed[width="220"][height="250"], embed[width="240"][height="150"], embed[width="240"][height="250"], embed[width="240"][height="300"], embed[width="240"][height="400"], embed[width="240"][height="420"], embed[width="250"][height="250"], embed[width="300"][height="250"], embed[width="310"][height="70"], embed[width="430"][height="120"], embed[width="460"][height="70"], embed[width="468"][height="60"], embed[width="470"][height="50"], embed[width="500"][height="100"], embed[width="500"][height="120"], embed[width="500"][height="170"], embed[width="570"][height="100"], embed[width="600"][height="160"], embed[width="600"][height="200"], embed[width="600"][height="90"], embed[width="680"][height="130"], embed[width="700"][height="60"], embed[width="728"][height="90"], embed[width="940"][height="90"], embed[width="960"][height="120"], iframe[width="104"][height="464"], iframe[width="200"][height="240"], iframe[width="200"][height="300"], iframe[width="210"][height="237"], iframe[width="240"][height="300"], iframe[width="240"][height="350"], iframe[width="468"][height="60"], iframe[width="600"][height="90"], iframe[width="780"][height="120"], iframe[width="980"][height="90"], img[width="460"][height="60"], img[width="600"][height="90"], img[width="720"][height="90"], object[height="100"][width="550"], object[height="120"][width="120"], object[height="175"][width="175"], object[height="200"][width="100%"], object[height="250"][width="175"], object[height="380"][width="190"], object[height="80"][width="100%"], object[height="97"][width="500"], object[width="100%"][height="150"], object[width="100%"][height="250"], object[width="100%"][height="60"], object[width="100%"][height="90"], object[width="1000"][height="100"], object[width="1000"][height="150"], object[width="1000"][height="200"], object[width="1000"][height="300"], object[width="1000"][height="70"], object[width="1000"][height="90"], object[width="1020"][height="200"], object[width="1020"][height="220"], object[width="1024"][height="150"], object[width="1024"][height="80"], object[width="120"][height="300"], object[width="120"][height="60"], object[width="120"][height="600"], object[width="140"][height="320"], object[width="140"][height="600"], object[width="1440"][height="299"], object[width="150"][height="150"], object[width="150"][height="250"], object[width="150"][height="300"], object[width="150"][height="360"], object[width="160"][height="200"], object[width="160"][height="400"], object[width="160"][height="600"], object[width="161"][height="250"], object[width="170"][height="170"], object[width="170"][height="80"], object[width="175"][height="200"], object[width="175"][height="220"], object[width="180"][height="107"], object[width="180"][height="235"], object[width="180"][height="250"], object[width="180"][height="300"], object[width="180"][height="540"], object[width="185"][height="228"], object[width="188"][height="290"], object[width="190"][height="310"], object[width="190"][height="46"], object[width="190"][height="700"], object[width="200"][height="100"], object[width="200"][height="150"], object[width="200"][height="220"], object[width="200"][height="300"], object[width="200"][height="352"], object[width="200"][height="360"], object[width="200"][height="400"], object[width="210"][height="300"], object[width="215"][height="400"], object[width="220"][height="160"], object[width="220"][height="320"], object[width="224"][height="373"], object[width="229"][height="229"], object[width="230"][height="100"], object[width="230"][height="60"], object[width="234"][height="60"], object[width="240"][height="100"], object[width="240"][height="120"], object[width="240"][height="200"], object[width="240"][height="240"], object[width="240"][height="300"], object[width="240"][height="325"], object[width="240"][height="350"], object[width="240"][height="400"], object[width="240"][height="800"], object[width="250"][height="125"], object[width="250"][height="250"], object[width="250"][height="500"], object[width="250"][height="520"], object[width="250"][height="60"], object[width="256"][height="300"], object[width="260"][height="450"], object[width="265"][height="300"], object[width="270"][height="540"], object[width="275"][height="138"], object[width="280"][height="90"], object[width="300"][height="250"], object[width="300"][height="276"], object[width="300"][height="78"], object[width="340"][height="170"], object[width="340"][height="585"], object[width="340"][height="80"], object[width="350"][height="115"], object[width="350"][height="170"], object[width="360"][height="120"], object[width="360"][height="60"], object[width="370"][height="170"], object[width="400"][height="50"], object[width="400"][height="87"], object[width="408"][height="275"], object[width="440"][height="100"], object[width="460"][height="40"], object[width="468"][height="40"], object[width="468"][height="60"], object[width="468"][height="90"], object[width="469"][height="70"], object[width="470"][height="50"], object[width="480"][height="100"], object[width="480"][height="60"], object[width="500"][height="100"], object[width="500"][height="200"], object[width="500"][height="250"], object[width="500"][height="78"], object[width="530"][height="170"], object[width="545"][height="70"], object[width="550"][height="130"], object[width="550"][height="200"], object[width="560"][height="120"], object[width="570"][height="180"], object[width="572"][height="106"], object[width="580"][height="80"], object[width="590"][height="100"], object[width="600"][height="130"], object[width="600"][height="200"], object[width="600"][height="250"], object[width="600"][height="80"], object[width="600"][height="90"], object[width="610"][height="130"], object[width="620"][height="120"], object[width="626"][height="75"], object[width="630"][height="206"], object[width="635"][height="185"], object[width="675"][height="80"], object[width="680"][height="125"], object[width="680"][height="240"], object[width="680"][height="90"], object[width="690"][height="85"], object[width="700"][height="100"], object[width="700"][height="87"], object[width="700"][height="90"], object[width="703"][height="120"], object[width="720"][height="120"], object[width="720"][height="60"], object[width="720"][height="90"], object[width="728"][height="90"], object[width="738"][height="90"], object[width="750"][height="100"], object[width="758"][height="93"], object[width="760"][height="90"], object[width="770"][height="100"], object[width="800"][height="128"], object[width="800"][height="200"], object[width="800"][height="90"], object[width="850"][height="100"], object[width="850"][height="83"], object[width="880"][height="80"], object[width="900"][height="100"], object[width="900"][height="150"], object[width="900"][height="68"], object[width="900"][height="90"], object[width="940"][height="120"], object[width="950"][height="150"], object[width="950"][height="90"], object[width="951"][height="90"], object[width="980"][height="100"], object[width="980"][height="250"], object[width="982"][height="150"], object[width="990"][height="206"], #__BULLETIN__bdiv[style="position"], #adxtop, #ad_728h, #ad_336_singlebt, .tjads, topadblock, #ad-fullbanner2-billboard-outer, .loop_google_ad, .amp_ad_wrapper, .commercial-unit-mobile-top, div[id*="ScriptRootN"], .ad-engage, #gads_middle, .add_300x250, .ContentAd, .td-a-rec, a[href*=".ufinkln.com/"], body &amp;gt; #overover[style="position:fixed;width:100%;height:100%;background:silver;z-index: 2;opacity: 0.1;"], body &amp;gt; #overover[style="position:fixed;width:100%;height:100%;background:silver;z-index: 2;opacity: 0.1;"] ~ #obrazek, .stripper &amp;gt; a[href*="istripper"] &amp;gt; img, a[href*="/fdh/wth.php?"], .BetterJsPopOverlay, .videojs-hero-overlay, div[id^="M"][id*="Composite"] { display: none!important; }
.wpcnt &amp;gt; .wpa, #BannerBox, #ad-topper, #ad_300X250, #ad_google, #advertRightTopPosition, #banner-top-right, #bannerfloat22, #bb_banner, #blox-top-promo, #bp_banner, #campaign-banner, #extensible-banner, #fb_300x250, #footer-banner, #scorecard-ad, #topBanners, #total_banner, .SC_TBlock, .ad_google, .ad_register_prompt, .ad_showthread_firstpost_start_placeholder, .adheader403, .baners_block, .banner_header, .banners-middle, .innerBanner, .main_promo_image_container, .menu-ads, .post-ads, .reclamTable, .sidebar-ads-container, .special-ads, .sponsor-div, .sponsored-home-page-inner, .sponsored-items, .top-adv-app, .top-r-ads, .topbannerad, .widget-sidebar-right-banner, a[href*="//sub2.bubblesmedia.ru/"], a[href^="http://softexcellence.com/"], img[title^="advertisement"], #A9AdsMiddleBoxTop, #A9AdsOutOfStockWidgetTop, #A9AdsServicesWidgetTop, #AD-300x250, #AD-300x250-1, #AD-300x250-2, #AD-300x250-3, #AD-HOME-LEFT, #AD001, #AD1line, #AD2line, #AD300Right, #AD300_VAN, #AD300x250, #AD300x600, #AD728Top, #ADEXPERT_PUSHDOWN, #ADEXPERT_RECTANGLE, #ADInterest, #ADNETwallBanner1, #ADNETwallBanner2, #ADSLOT_1, #ADSLOT_2, #ADSLOT_3, #ADSLOT_4, #ADSLOT_SKYSCRAPER, #ADSPACE02, #ADSPACE03, #ADSPACE04, #ADS_2, #ADSlideshow, #ADSpro, #ADV120x90, #ADVERTISE_HERE_ROW, #ADVERTISE_RECTANGLE1, #ADVERTISE_RECTANGLE2, #ADVTG_CONTAINER_pushdown, #ADVTLEFT1, #ADVTLEFT2, #ADVTRIGHT1, #ADV_VIDEOBOX_2_CNT, #ADVleaderboard, #AD_160, #AD_300, #AD_468x60, #AD_C, #AD_CONTROL_13, #AD_CONTROL_22, #AD_CONTROL_28, #AD_CONTROL_29, #AD_CONTROL_8, #AD_G, #AD_ROW, #AD_Zone, #AD_banner_bottom, #AD_gallery, #AD_google, #AD_half, #AD_newsblock, #AD_rectangle, #AD_rr_a, #AD_text, #ADback, #ADbox, #ADgoogle_newsblock, #ADoverThePlayer, #ADsmallWrapper, #AFF_popup, #APC_ads_details, #AUI_A9AdsMiddleBoxTop, #AUI_A9AdsWidgetAdsWrapper, #Ad-0-0-Slider, #Ad-0-1-Slider, #Ad-1-0-Slider, #Ad-1-1-Slider, #Ad-1-2-Slider, #Ad-3-Slider, #Ad-4-Slider, #Ad-5-2-Slider, #Ad-8-0-Slider, #Ad-9-0-Slider, #Ad-Container, #Ad-Top, #Ad160x600, #Ad160x600_0_adchoice, #Ad300x145, #Ad300x250, #Ad300x250_0, #Ad300x600_0_adchoice, #Ad3Left, #Ad3Right, #Ad3TextAd, #Ad728x90, #Ad990, #AdAboveGame, #AdArea, #AdAreaH, #AdAuth1, #AdAuth2, #AdAuth3, #AdAuth4, #AdBanner, #AdBannerSmallContainer, #AdBanner_F1, #AdBanner_S, #AdBar, #AdBar1, #AdBigBox, #AdBlock, #AdBlockBottomSponsor, #AdBottomLeader, #AdBottomRight, #AdBox160, #AdBox2, #AdBox300, #AdBox728, #AdBoxMoreGames, #AdButtons, #AdContainerTop, #AdContentModule_F, #AdContent_0_0_pnlDiv, #AdControl_TowerAd, #AdDetails_GoogleLinksBottom, #AdDetails_InsureWith, #AdDetails_SeeMoreLink, #AdDisclaimer, #AdDisplay_LongLink, #AdDisplay_TallLink, #AdDiv, #AdExtraBlock, #AdFeedbackLinkID_lnkItem, #AdFoxDiv, #AdFrame1, #AdFrame2, #AdFrame4, #AdHouseRectangle, #AdIndexTower, #AdLayer1, #AdLayer2, #AdLeaderboard2RunofSite, #AdLeaderboardBottom, #AdLeaderboardTop, #AdLocationMarketPage, #AdMPUHome, #AdMediumRectangle1300x250, #AdMediumRectangle2300x250, #AdMediumRectangle3300x250, #AdMiddle, #AdMobileLink, #AdPanel, #AdPanelBigBox, #AdPanelLogo, #AdPopUp, #AdPubsPromo, #AdRectangle, #AdRectangleBanner, #AdSense-Skyscraper, #AdSense1, #AdSense2, #AdSense3, #AdSenseBottomAds, #AdSenseDiv, #AdSenseMiddleAds, #AdSenseResults1_adSenseSponsorDiv, #AdSenseTopAds, #AdServer, #AdShopSearch, #AdShowcase, #AdShowcase_F, #AdShowcase_F1, #AdSky23, #AdSkyscraper, #AdSlot_AF-Right-Multi, #AdSpaceLeaderboard, #AdSpacing, #AdSponsor_SF, #AdSpotMovie, #AdSquare02, #AdSubsectionShowcase_F1, #AdTaily_Widget_Container, #AdTargetControl1_iframe, #AdTop, #AdTopBlock, #AdTopLeader, #AdWidgetContainer, #AdZone1, #AdZone2, #Ad_976x105, #Ad_BelowContent, #Ad_Block, #Ad_Center1, #Ad_Premier, #Ad_Right1, #Ad_RightBottom, #Ad_RightTop, #Ad_TopLeaderboard, #Adbanner, #Adc1_AdContainer, #Adc2_AdContainer, #Adc3_AdContainer, #AdcBB_AdContainer, #Adlabel, #Ads-C, #Ads-D-728x90-hori, #Ads270x510-left, #Ads470by50, #AdsBannerTop { display: none!important; }
#AdsBottomContainer, #AdsBottomIframe, #AdsCarouselBoxArea, #AdsContainerTop, #AdsContent, #AdsContent_SearchShortRecB_UPSSR, #AdsDiv, #AdsFrame, #AdsHome2, #AdsLeader, #AdsLeft_1, #AdsPlayRight_1, #AdsRight, #AdsShowCase, #AdsTopContainer, #AdsVideo250, #AdsWrap, #Ads_BA_BUT_box, #Ads_BA_CAD, #Ads_BA_CAD2, #Ads_BA_CAD2_Text, #Ads_BA_CAD_box, #Ads_BA_FLB, #Ads_BA_SKY, #Ads_CAD, #Ads_OV_BS, #Ads_Special, #Ads_TFM_BS, #Ads_google_01, #Ads_google_02, #Ads_google_03, #Ads_google_04, #Ads_google_05, #Adsense300x250, #AdsenseBottom, #AdsenseTop, #Adtag300x250Bottom, #Adtag300x250Top, #Adv-div, #Adv10, #Adv11, #Adv8, #Adv9, #AdvArea, #AdvBody, #AdvContainer, #AdvContainerBottom, #AdvContainerMidCenter, #AdvContainerMiddleRight, #AdvContainerTopCenter, #AdvContainerTopRight, #AdvFooter, #AdvFrame1, #AdvHead, #AdvHeader, #Adv_Footer, #Adv_Main_content, #Adv_Maxi_Leaderboard_A, #Adv_Maxi_Leaderboard_B, #Adv_Superbox_A, #Adv_Superbox_B, #Adv_Superbox_C, #Adv_Superbox_D, #Advert1, #AdvertMPU23b, #AdvertPanel, #AdvertText, #Advertisement1, #Advertisement2, #AdvertisementRightColumnRectangle, #AdvertisingDiv_0, #AdvertisingLeaderboard, #AdvertismentHomeTopRight, #Advertorial, #Advertorials, #AdvertsBottom, #AdvertsBottomR, #Adverts_AdDetailsBottom_300x600, #Adverts_AdDetailsMiddle_300x250, #ArticleBottomAd, #BANNER_160x600, #BANNER_300x250, #BANNER_728x90, #BBCPH_MCPH_MCPH_P_ArticleAd1, #BBCPH_MCPH_MCPH_P_OasAdControl1Panel, #BBCPH_MCPH_MCPH_P_OasAdControl2Panel, #BBCPH_MCPH_MCPH_SponsoredLinks1, #BBoxAd, #BDV_fullAd, #BackgroundAdContainer, #Banner300x250Module, #Banner728x90, #BannerAd, #BannerAds, #BannerAdvert, #BannerAdvertisement, #BannerXGroup, #BelowFoldAds, #BigBoxAd, #BigboxAdUnit, #BillBoardAdd, #BodyAd, #BodyTopAds, #Body_Ad8_divAdd, #BotAd, #Bottom468x60AD, #BottomAd0, #BottomAdSpacer, #BottomPageAds, #BottomRightAdWrapper, #BrokerBox-AdContainer, #ButtonAd, #CONTENTAD, #CSpromo120x90, #ClickPop_LayerPop_Container, #ClickStory_ViewAD1, #ClickStory_ViewRightAD2, #Col2-1-ComboAd-Proxy, #CommonHeaderAd, #CompanyDetailsNarrowGoogleAdsPresentationControl, #CompanyDetailsWideGoogleAdsPresentationControl, #ContentAd1, #ContentAd2, #ContentAdPlaceHolder1, #ContentAdPlaceHolder2, #ContentAdView, #ContentAdXXL, #ContentAdtagRectangle, #ContentPlaceHolder1_adds, #ContentPlaceHolder1_advertControl1_advertLink, #ContentPlaceHolder1_advertControl3_advertLink, #ContentPlaceHolder1_pnlGoogleAds, #ContentPolepositionAds_Result, #Content_CA_AD_0_BC, #Content_CA_AD_1_BC, #ConversationDivAd, #CornerAd, #CountdownAdvert, #DARTad300x250, #DEFAULT_ADV4_SWF, #DFM-adPos-bottomline, #DFPAD_MR, #DFP_in_article_mpu, #DFP_top_leaderboard, #DartAd300x250, #DartAd990x90, #DealsPageSideAd, #DivAd, #DivAd1, #DivAd2, #DivAd3, #DivAdA, #DivAdB, #DivAdC, #DivAdEggHeadCafeTopBanner, #DivAdForumSplitBottom, #DivMsnCamara, #DivTopAd, #DividerAd, #DynamicAD, #FFN_imBox_Container, #FIN_300_250_position2_ad, #FIN_300_x_250_600_position2_ad, #FIN_300x250_pos1_ad, #FIN_300x80_facebook_ad, #FIN_468x60_sponsor_ad, #FIN_640x60_promo_ad, #FIN_728_90_leaderboard_ad, #FIN_ad_300x100_pos_1, #FIN_videoplayer_300x250ad, #FRONTADVT2, #FRONTADVT3, #FRONTADVT4, #FRONTADVT5, #FRONTADVT8, #FooterAd, #FooterAdBlock, #FooterAdContainer, #ForumSponsorBanner, #Freeforums-AdS-footer-728x90, #Freeforums-AdS-header-728x90, #FrontPageRectangleAd, #GOOGLEADS_BOT, #GOOGLEADS_CENTER, #GOOGLE_ADS_13, #GOOGLE_ADS_151, #GOOGLE_ADS_16, #GOOGLE_ADS_2, #GOOGLE_ADS_49, #GOOGLE_ADS_56, #GOOGLE_ADS_94, #GameMediumRectangleAD, #GamePageAdDiv, #GoogleADsense, #GoogleADthree, #GoogleAd, #GoogleAd1, #GoogleAd2, #GoogleAd3, #GoogleAdExploreMF, #GoogleAdRight, #GoogleAdTop, #GoogleAds250X200, #GoogleAdsPlaceHolder, #GoogleAdsPresentationControl, #GoogleAdsense, #GoogleAdsenseMerlinWrapper, #GoogleLeaderBoardAdUnit, #GoogleLeaderBoardAdUnitSeperator, #GoogleRelatedAds, #GoogleSponsored, #Google_Adsense_Main, #HALExchangeAds, #HALHouseAd, #HB_News-ad, #HEADERAD, #HOME_TOP_RIGHT_BOXAD, #HP_adUnits, #H_Ad_728x90, #H_Ad_Wrap, #HeaderAD, #HeaderAd, #HeaderAdBlock, #HeaderAdSidebar, #HeaderAdsBlock, #HeaderAdsBlockFront, #HeaderBannerAdSpacer, #HeaderTextAd, #HeroAd, #HomeAd1, #HomeBannerAd, #Home_AdSpan, #HomepageAdSpace, #HorizontalAd, #HouseAdInsert, #ID_Ad_Sky, #IM_AD, #IN_HOUSE_AD_SWITCHER_0, #IframeAdBannerSmallContainer, #ImageAdSideColumn, #ImageRotaAreaAD, #InterstitialAD_0_1ckp, #IslandAd_DeferredAdSpacediv, #JobsearchResultsAds, #Journal_Ad_125, #Journal_Ad_300, #JuxtapozAds, #KH-contentAd, #LB_Row_Ad, #LM_ad_unit { display: none!important; }
#LS-google-ad, #LargeRectangleAd, #LeaderTop-ad, #LeaderboardAdvertising, #LeaderboardNav_ad_placeholder, #LeftAd, #LeftAd1, #LeftAdF1, #LeftAdF2, #LeftSideBarAD, #LftAd, #LittleAdvert, #LoungeAdsDiv, #LovelabAdoftheDay, #LowerContentAd, #MAINAD-box, #MPUAdSpace, #MPUadvertising, #MPUadvertisingDetail, #M_AD, #MainAd, #MainAd1, #MainContent_ucTopRightAdvert, #MainHeader1_FRONTADVT10, #MainHeader1_FRONTADVT11, #MainRightStrip1_RIGHTADVT2, #MainRightStrip1_RIGHTADVT3, #MainRightStrip1_RIGHTADVT4, #MainRightStrip1_RIGHTADVT5, #MainSponsoredLinks, #MastheadAd, #MediumRectangleAD, #Meebo\:AdElement\.Root, #MidPageAds, #MiddleRightRadvertisement, #Module-From_Advertisers, #MyAdHeader, #MyAdSky, #NavAD, #Nightly_adContainer, #NormalAdModule, #OAS2, #OASMiddleAd, #OASRightAd, #OAS_AD_TOPRIGHT, #OAS_Top, #OAS_posBottom, #OAS_posRight, #OAS_posTopRight, #OpenXAds, #OverrideAdArea, #PPX_imBox_Container, #PREFOOTER_LEFT_BOXAD, #PREFOOTER_RIGHT_BOXAD, #PaneAdvertisingContainer, #PartialYahooJSAds-bottom-ads, #PartialYahooJSAds-top-ads, #PhotoAd1, #PostSponsorshipContainer, #PushDownAd, #RHS2Adslot, #RadAdSkyscraper, #RadAd_Skyscraper, #RelevantAds, #RgtAd1, #RhsIsland_DeferredAdSpacediv, #RightAd, #RightAdSpace, #RightAdvertisement, #RightBottom300x250AD, #RightColumn125x125AD, #RightColumnAdContainer, #RightColumnSkyScraperAD, #RightNavTopAdSpot, #RightRailSponsor, #RightSponsoredAd, #RollOutAd970x66, #RollOutAd970x66iframe, #SBAArticle, #SBABottom, #SBAInHouse, #SBATier1, #SBATier2, #SBATier3, #SE20-ad-container, #SE_ADLINK_LAY_gd, #SIDEMENUAD, #SIM_ad_300x100_homepage_pos1, #SIM_ad_300x250-600_pos1, #SIM_ad_300x250_pos2, #SIM_ad_468x60_homepage_pos1, #SIM_ad_468x60_homepage_pos2, #SIM_ad_468x60_homepage_pos3, #SIM_ad_728x90_bottom, #SRPadsContainer, #ScoreboardAd, #SearchAd_PlaceHolder, #SearchAdsBottom, #SearchAdsTop, #Section-Ads, #SectionAd300-250, #SectionSponsorAd, #ServerAd, #SideAdMpu, #SideBarAdWidget, #SideMpuAdBar, #SidebarAd, #SidebarAdContainer, #SitenavAdslot, #SkyAd, #SkyscraperAD, #SlideShow_adv, #SlideShow_adv2, #SpecialAds, #Spons-Link, #SponsorBarWrap, #SponsoredAd, #SponsoredAds, #SponsoredResultsTop, #SponsorsAds, #TDads, #TL_footer_advertisement, #TOPADS, #TOP_ADROW, #TOP_RIGHT_BOXAD, #TPVideoPlayerAd300x250, #Tadspacecbar, #Tadspacefoot, #Tadspacehead, #Tadspacemrec, #TextLinkAds, #ThemeSection_adbanner2, #ThemeSection_adbanner3, #ThreadAd, #TipTopAdSpace, #TitleAD, #Top-Ad-Container, #Top1AdWrapper, #Top468x60AD, #TopADs, #TopAd0, #TopAdBox, #TopAdContainer, #TopAdDiv, #TopAdPlacement, #TopAdPos, #TopAdTable, #TopAdvert, #TopBannerAd, #TopCenterAdUnit, #TopGoogleCustomAd, #TopRightRadvertisement, #TopSideAd, #TopTextAd, #VM-MPU-adspace, #VM-footer-adspace, #VM-footer-adwrap, #VM-header-adspace, #VM-header-adwrap, #VertAdBox, #VertAdBox0, #WNAd1, #WNAd103, #WNAd17, #WNAd20, #WNAd43, #WNAd46, #WNAd47, #WNAd49, #WNAd52, #WNAd63, #WarningCodecBanner, #WelcomeAd, #WindowAdHolder, #WordFromSponsorAdvertisement, #XEadLeaderboard, #XEadSkyscraper, #YahooAdParentContainer, #YahooAdsContainer, #YahooAdsContainerPowerSearch, #YahooContentAdsContainerForBrowse, #YahooSponsoredResults, #Zergnet, #\5f _mom_ad_12, #\5f _mom_ad_2, #_ads, #a4g-floating-ad, #a_ad10Sp, #a_ad11Sp, #abHeaderAdStreamer, #ab_adblock, #abc-AD_topbanner, #about_adsbottom, #above-comments-ad, #above-fold-ad, #above-footer-ads, #aboveAd, #aboveGbAd, #aboveNodeAds, #aboveplayerad, #abovepostads, #acAdContainer, #acm-ad-tag-300x250-atf, #acm-ad-tag-300x250-btf, #acm-ad-tag-728x90-atf, #acm-ad-tag-728x90-btf, #ad-0, #ad-1000x90-1, #ad-1050, #ad-109, #ad-118, #ad-120-left, #ad-120x600-1, #ad-120x600-other, #ad-120x600-sidebar, #ad-120x60Div, #ad-125x125, #ad-13, #ad-133, #ad-143, #ad-160, #ad-160-long, #ad-160x600, #ad-160x600-sidebar, #ad-160x600-wrapper, #ad-162, #ad-17, #ad-170, #ad-180x150-1, #ad-19, #ad-197, #ad-2-160x600, #ad-200x200_newsfeed, #ad-21, #ad-213, #ad-220x90-1, #ad-230x100-1, #ad-240x400-1, #ad-240x400-2, #ad-250, #ad-250x300, #ad-28, #ad-29, #ad-3, #ad-3-300x250, #ad-300, #ad-300-250, #ad-300-additional, #ad-300-detail, #ad-300-sidebar { display: none!important; }
#ad-300X250-2, #ad-300a, #ad-300b, #ad-300x-container, #ad-300x250, #ad-300x250-0, #ad-300x250-01, #ad-300x250-02, #ad-300x250-1, #ad-300x250-2, #ad-300x250-b, #ad-300x250-mobile-LL_1, #ad-300x250-right, #ad-300x250-right0, #ad-300x250-sidebar, #ad-300x250-wrapper, #ad-300x250Div, #ad-300x250_mid, #ad-300x250_top, #ad-300x40-1, #ad-300x40-2, #ad-300x40-5, #ad-300x60-1, #ad-300x600_top, #ad-32, #ad-320, #ad-336, #ad-350, #ad-37, #ad-376x280, #ad-4, #ad-4-300x90, #ad-5-images, #ad-55, #ad-63, #ad-635x40-1, #ad-655, #ad-7, #ad-728, #ad-728-90, #ad-728x90, #ad-728x90-1, #ad-728x90-leaderboard-top, #ad-728x90-top, #ad-728x90-top0, #ad-732, #ad-734, #ad-74, #ad-88, #ad-88-wrap, #ad-970, #ad-98, #ad-a, #ad-a1, #ad-abs-b-0, #ad-abs-b-1, #ad-abs-b-10, #ad-abs-b-2, #ad-abs-b-3, #ad-abs-b-4, #ad-abs-b-5, #ad-abs-b-6, #ad-abs-b-7, #ad-absolute-160, #ad-ads, #ad-adsensemedium, #ad-advertorial, #ad-affiliate, #ad-anchor, #ad-around-the-web, #ad-article, #ad-article-in, #ad-aside-1, #ad-atf-mid, #ad-atf-top, #ad-ban, #ad-banner, #ad-banner-1, #ad-banner-970, #ad-banner-980, #ad-banner-atf, #ad-banner-body-top, #ad-banner-bottom, #ad-banner-image, #ad-banner-lock, #ad-banner-placement, #ad-banner-top, #ad-banner-wrap, #ad-bar, #ad-base, #ad-beauty, #ad-below-content, #ad-big, #ad-bigbox, #ad-bigsize, #ad-billboard, #ad-billboard-atf, #ad-billboard-bottom, #ad-blade, #ad-block, #ad-block-125, #ad-block-bottom, #ad-block-container, #ad-border, #ad-bottom-300x250, #ad-bottom-banner, #ad-bottom-right-container, #ad-bottom-wrapper, #ad-bottomright, #ad-box, #ad-box-1, #ad-box-2, #ad-box-bottom, #ad-box-first, #ad-box-halfpage, #ad-box-leaderboard, #ad-box-rectangle, #ad-box-rectangle-2, #ad-box-right, #ad-box-second, #ad-box1, #ad-box2, #ad-boxATF, #ad-boxes, #ad-br-container, #ad-bs, #ad-btf-bot, #ad-btm, #ad-buttons, #ad-campaign, #ad-carousel, #ad-case, #ad-center, #ad-circfooter, #ad-code, #ad-col, #ad-colB-1, #ad-container-1, #ad-container-2, #ad-container-adaptive-1, #ad-container-adaptive-3, #ad-container-banner, #ad-container-fullpage, #ad-container-inner, #ad-container-leaderboard, #ad-container-mpu, #ad-container-outer, #ad-container-overlay, #ad-container1, #ad-contentad, #ad-cube-Bottom, #ad-cube-Middle, #ad-cube-sec, #ad-cube-top, #ad-desktop-wrap, #ad-discover, #ad-display-ad, #ad-div-leaderboard, #ad-double-spotlight-container, #ad-drawer, #ad-e-container, #ad-ear, #ad-extra-comments, #ad-extra-flat, #ad-f-container, #ad-featured-right, #ad-first-post, #ad-five, #ad-five-75x50s, #ad-flex-first, #ad-flex-top, #ad-flyout, #ad-footer, #ad-footer-728x90, #ad-footprint-160x600, #ad-for-map, #ad-frame, #ad-framework-top, #ad-front-btf, #ad-front-footer, #ad-front-page-160x600-placeholder, #ad-front-sponsoredlinks, #ad-full-width, #ad-fullbanner-btf, #ad-fullbanner-outer, #ad-fullbanner2, #ad-fullbanner2-billboard-outer, #ad-fullwidth, #ad-gamepage-leaderboard, #ad-gamepage-mpu1, #ad-gamepage-mpu2, #ad-giftext, #ad-globalleaderboard, #ad-google-chrome-sidebar, #ad-googleAdSense, #ad-gpt-bottomrightrec, #ad-gpt-leftrec, #ad-gpt-rightrec, #ad-gutter-left, #ad-gutter-right, #ad-halfpage, #ad-header-left, #ad-header-mad, #ad-header-mobile, #ad-header-right, #ad-holder, #ad-homepage-content-well, #ad-homepage-top-wrapper, #ad-horizontal, #ad-horizontal-header, #ad-horizontal-top, #ad-idreammedia, #ad-img, #ad-in-post, #ad-index, #ad-inner, #ad-inside1, #ad-inside2, #ad-interstitial-wrapper, #ad-introtext, #ad-jack, #ad-label, #ad-label2, #ad-large-header, #ad-lb, #ad-lb-secondary, #ad-ldr-spot, #ad-lead, #ad-leader, #ad-leader-atf, #ad-leader-container, #ad-leaderboard-1, #ad-leaderboard-1-container, #ad-leaderboard-2, #ad-leaderboard-2-container, #ad-leaderboard-bottom, #ad-leaderboard-container, #ad-leaderboard-footer, #ad-leaderboard-spot, #ad-leaderboard-top, #ad-leaderboard-top-container, #ad-leaderboard_bottom, #ad-leadertop, #ad-left, #ad-left-sidebar-ad-1, #ad-left-sidebar-ad-2, #ad-left-sidebar-ad-3, #ad-left-timeswidget, #ad-links-content, #ad-list-row { display: none!important; }
#ad-lrec, #ad-main-bottom, #ad-main-top, #ad-makeup, #ad-manager, #ad-manager-ad-bottom-0, #ad-manager-ad-top-0, #ad-medium, #ad-medium-lower, #ad-medium-rectangle, #ad-medrec, #ad-medrec_premium, #ad-megaban2, #ad-megasky, #ad-mid, #ad-mid-rect, #ad-middle, #ad-middlethree, #ad-middletwo, #ad-midpage, #ad-minibar, #ad-module, #ad-mpu, #ad-mpu-premium-1, #ad-mpu-premium-2, #ad-mpu-topRight-container, #ad-mpu-warning, #ad-mpu1-spot, #ad-mpu2, #ad-mpu2-spot, #ad-mpu600-right-container, #ad-mrec, #ad-mrec2, #ad-new, #ad-news-sidebar-300x250-placeholder, #ad-north, #ad-north-base, #ad-northeast, #ad-one, #ad-other, #ad-output, #ad-overlay, #ad-page-1, #ad-page-sky-300-a1, #ad-page-sky-300-a2, #ad-page-sky-left, #ad-pan3l, #ad-pencil, #ad-placard, #ad-placeholder, #ad-placement, #ad-plate, #ad-popup, #ad-popup1, #ad-position-a, #ad-position1, #ad-post, #ad-push, #ad-pushdown, #ad-r, #ad-rbkua, #ad-rec-atf, #ad-rec-btf-top, #ad-recommend, #ad-rect, #ad-rectangle, #ad-rectangle-flag, #ad-rectangle1, #ad-rectangle1-outer, #ad-rectangle2, #ad-rectangle3, #ad-region-1, #ad-results, #ad-rian, #ad-right-3, #ad-right-container, #ad-right-sidebar, #ad-right-sidebar-ad-1, #ad-right-sidebar-ad-2, #ad-right-skyscraper-container, #ad-right-top, #ad-right2, #ad-right3, #ad-righttop, #ad-ros-atf-300x90, #ad-ros-btf-300x90, #ad-rotate-home, #ad-row, #ad-row-1, #ad-s1, #ad-safe, #ad-sb, #ad-secondary-sidebar-1, #ad-section, #ad-separator, #ad-shop, #ad-side, #ad-side-text, #ad-sidebar, #ad-sidebar-1, #ad-sidebar-2, #ad-sidebar-3, #ad-sidebar-300x80, #ad-sidebar-btf, #ad-sidebar-container, #ad-sidebar-mad, #ad-sidebar-mad-wrapper, #ad-sidebar-right_300-1, #ad-sidebar-right_300-2, #ad-sidebar-right_300-3, #ad-sidebar-right_bitgold, #ad-sidebar-tall, #ad-sidebar1, #ad-sidebar2, #ad-sidebarleft-bottom, #ad-sidebarleft-top, #ad-single-spotlight-container, #ad-skin, #ad-sky, #ad-sky-atf, #ad-sky-btf, #ad-skyscraper, #ad-skyscraper-feedback, #ad-skyscraper1-outer, #ad-sla-sidebar300x250, #ad-slot-1, #ad-slot-2, #ad-slot-4, #ad-slot-mpu-1-desktop, #ad-slot-right, #ad-slot-top, #ad-slot1, #ad-slot2, #ad-slot4, #ad-slug-wrapper, #ad-small-banner, #ad-smartboard_1, #ad-smartboard_2, #ad-smartboard_3, #ad-software-description-300x250-placeholder, #ad-software-sidebar-300x250-placeholder, #ad-space, #ad-space-1, #ad-space-2, #ad-space-big, #ad-special, #ad-splash, #ad-sponsored-traffic, #ad-sponsors, #ad-spot, #ad-spot-bottom, #ad-spot-one, #ad-springboard-300x250, #ad-squares, #ad-standard-wrap, #ad-stickers, #ad-story-bottom-in, #ad-story-bottom-out, #ad-story-right, #ad-story-top, #ad-stripe, #ad-tab, #ad-tail-placeholder, #ad-tape, #ad-target, #ad-target-Leaderbord, #ad-teaser, #ad-techwords, #ad-textad-single, #ad-three, #ad-tlr-spot, #ad-top-250, #ad-top-300x250, #ad-top-728, #ad-top-banner, #ad-top-leader, #ad-top-leaderboard, #ad-top-left, #ad-top-lock, #ad-top-right, #ad-top-right-container, #ad-top-text-low, #ad-top-wrap, #ad-tower, #ad-tower1, #ad-trailerboard-spot, #ad-tray, #ad-two, #ad-typ1, #ad-uprrail1, #ad-video, #ad-video-page, #ad-west, #ad-wide-leaderboard, #ad-wrap, #ad-wrap-2, #ad-wrap-right, #ad-wrapper-728x90, #ad-wrapper-left, #ad-wrapper-right, #ad-wrapper1, #ad-yahoo-simple, #ad-zone-1, #ad-zone-2, #ad-zone-article-header-leaderboard, #ad-zone-default-sidebar, #ad-zone-inline, #ad001, #ad002, #ad01, #ad02, #ad1-468x400, #ad1-home, #ad1-placeholder, #ad1-wrapper, #ad1006, #ad101, #ad10Sp, #ad11, #ad11Sp, #ad120x600, #ad120x600container, #ad120x60_override, #ad125B, #ad125BL, #ad125BR, #ad125TL, #ad125TR, #ad125x125, #ad160, #ad160-2, #ad160600, #ad160Container, #ad160Wrapper, #ad160a, #ad160x600, #ad160x600right, #ad180, #ad1Sp, #ad1_holder, #ad1_top-left, #ad2-home, #ad2-label, #ad2-original-placeholder, #ad250, #ad260x60, #ad2CONT, #ad2Sp, #ad2_footer, #ad2_iframe { display: none!important; }
#ad2_inline, #ad2gameslayer, #ad300, #ad300-250, #ad300-title, #ad300250top, #ad300IndexBox, #ad300X250, #ad300_250, #ad300_a, #ad300_x_250, #ad300b, #ad300c, #ad300text, #ad300top, #ad300x100Middle, #ad300x150, #ad300x250, #ad300x250Module, #ad300x250_336x280_300x600_336x850, #ad300x250_336x280_bottom, #ad300x250_callout, #ad300x250box, #ad300x250box2, #ad300x250c, #ad300x50, #ad300x60, #ad300x600, #ad300x600_callout, #ad300x600pos2, #ad31, #ad32, #ad330x240, #ad336, #ad336atf, #ad336iiatf, #ad336x280, #ad375x85, #ad3Article, #ad3small, #ad468_hidden, #ad468x60, #ad468x60-story, #ad468x60_top, #ad470, #ad480x60, #ad508x125, #ad520x85, #ad526x250, #ad5_inline, #ad6, #ad600, #ad600x90, #ad650, #ad720x90bot, #ad72890, #ad72890foot, #ad728Bottom, #ad728Box, #ad728BoxBtm, #ad728Header, #ad728Mid, #ad728Top, #ad728Wrapper, #ad728X90, #ad728foot, #ad728h, #ad728mid, #ad728top, #ad728x90_1, #ad728x90asme, #ad728x90box, #ad76890topContainer, #ad768top1, #ad90, #ad97090, #adATF300x250, #adAd, #adBTF300x250, #adBTF300x250IC, #adBadges, #adBanner10, #adBanner120x600, #adBanner160x600, #adBanner160x610, #adBanner2, #adBanner3, #adBanner336x280, #adBanner4, #adBanner728, #adBanner728_bot, #adBanner9, #adBannerBottom, #adBannerBreaking, #adBannerHeader, #adBannerSpacer, #adBannerTable, #adBannerTop, #adBannerWrap, #adBannerWrapperFtr, #adBar, #adBladeDeskArt, #adBlock01, #adBlock125, #adBlockBanner, #adBlockContainer, #adBlockContent, #adBlockOverlay, #adBlockTop, #adBlocks, #adBody01, #adBody02, #adBody03, #adBody04, #adBody06, #adBottbanner, #adBottom, #adBox, #adBox11, #adBox16, #adBox350, #adBox390, #adBoxUpperRight, #adBrandDev, #adBrandingStation, #adBreak, #adCENTRAL, #adCTXSp, #adCarousel, #adChannel, #adChoiceFooter, #adChoices, #adChoicesIcon, #adChoicesLogo, #adCirc300X200, #adCirc300X250, #adCirc300x300, #adCirc620X100, #adCirc_620_100, #adClickLeft, #adClickMe, #adClickRight, #adCol, #adColumn, #adColumn3, #adCompanionBanner, #adCompanionSubstitute, #adContainerCC, #adContainerForum, #adContainer_1, #adContainer_2, #adContainer_3, #adContent, #adContentHolder, #adContext, #adControl1, #adDailyDeal, #adDiv0, #adDiv1, #adDiv300, #adDiv4, #adDiv728, #adDivContainer, #adDivleaderboard, #adDivminimodulebutton1, #adDivminimodulebutton2, #adDivminimodulebutton3, #adDivmrec, #adDivmrecadhomepage, #adFiller, #adFixFooter, #adFlashDiv, #adFooter, #adFooterTitel, #adFot, #adFoxBanner, #adFps, #adFtofrs, #adGmWidget, #adGoogleText, #adGroup1, #adGroup4, #adHeaderTop, #adHeaderWrapper, #adHolder1, #adHolder2, #adHolder3, #adHolder300x250, #adHolder4, #adHolder5, #adHolder6, #adIframe, #adInBetweenPosts, #adInCopy, #adInhouse, #adInstoryOneWrap, #adInstoryTwoWrap, #adInteractive1, #adInteractive4, #adInteractiveInline, #adIsland, #adLB, #adLContain, #adLabel, #adLayout, #adLeaderTop, #adLeaderboard, #adLeaderboard-middle, #adLeaderboardUp, #adLeft, #adLink, #adLink300, #adLocation-1, #adLocation-2, #adLocation-3, #adLocation-4, #adLounge, #adLrec, #adMOBILETOP, #adMPU, #adMPUHolder, #adMagAd, #adMain, #adMarketplace, #adMed, #adMedRect, #adMediaWidget, #adMediumRectangle, #adMeld, #adMessage, #adMid1, #adMid2, #adMiddle0Frontpage, #adMiddle_imgAd, #adMiniPremiere, #adMonster1, #adMoveHere, #adMpu, #adMpuBottom, #adNshareWrap, #adOne, #adOuter, #adPLaceHolderTop728, #adPUSHDOWNBANNER, #adPageContainer, #adPanelAjaxUpdate, #adPartnerLinks, #adPlaceHolder1, #adPlaceHolder2, #adPlaceHolderRight { display: none!important; }
#adPlaceScriptrightSidebarFirstBanner, #adPlaceScriptrightSidebarSecondBanner, #adPlaceScripttopBanner, #adPlacer, #adPopBOTtOM, #adPopover, #adPosOne, #adPosition14, #adPosition5, #adPosition6, #adPosition7, #adPosition9, #adPush, #adRContain, #adRectangleFooter, #adRectangleHeader, #adRight, #adRight1, #adRight2, #adRight3, #adRight4, #adRight5, #adRightColumnHolder, #adSPLITCOLUMNTOPRIGHT, #adScraper, #adSection, #adSenseBottomDiv, #adSenseBox, #adSenseContentTop, #adSenseLoadingPlaceHolder, #adSenseModule, #adSenseResultAdblock, #adSenseResults, #adSenseSidebarBottom, #adSenseTall, #adSenseWrapper, #adServer_marginal, #adSet, #adShortTower, #adSide, #adSideButton, #adSidebar, #adSidebarSq, #adSite, #adSkin, #adSkinBackdrop, #adSkinLeft, #adSkinRight, #adSky, #adSkyPosition, #adSkyscraper, #adSlider, #adSlot-inPage-300x250-right, #adSlot01, #adSlot02, #adSlot1, #adSlot2, #adSlot2_grid, #adSlot3, #adSlot3_grid, #adSlot4, #adSlot4_grid, #adSlot_center, #adSlug, #adSpace, #adSpace0, #adSpace1, #adSpace10, #adSpace11, #adSpace12, #adSpace13, #adSpace14, #adSpace15, #adSpace16, #adSpace17, #adSpace18, #adSpace19, #adSpace2, #adSpace20, #adSpace21, #adSpace22, #adSpace23, #adSpace24, #adSpace25, #adSpace3, #adSpace300_ifrMain, #adSpace4, #adSpace5, #adSpace6, #adSpace7, #adSpace8, #adSpace9, #adSpaceBottom, #adSpace_footer, #adSpace_right, #adSpace_top, #adSpacer, #adSpecial, #adSplotlightEm, #adSponsor, #adSpot-Leader, #adSpot-banner, #adSpot-island, #adSpot-mrec1, #adSpot-promobox1, #adSpot-promobox2, #adSpot-sponsoredlinks, #adSpot-textbox1, #adSpot-twin, #adSpot-widestrip, #adSpotAdvertorial, #adSpotIsland, #adSpotIslandLarge, #adSpotSponsoredLinks, #adSpotholder-EGN, #adSpotlightSquare1, #adSqb, #adSquare, #adStaticA, #adStrip, #adSuperAd, #adSuperPremiere, #adSuperSkyscraper, #adSuperbanner, #adTableCell, #adTag, #adTag-genre, #adTag1, #adTag2, #adTakeOverInner, #adTakeOverLeft, #adTakeOverRight, #adTeaser, #adText01, #adText02, #adText2, #adTextCustom, #adTextLink, #adTextRt, #adText_container, #adThree, #adTicker, #adTiff, #adTile, #adTop, #adTop1, #adTop2, #adTopBanner-inner, #adTopBanner1, #adTopBig, #adTopBox300x300, #adTopContent, #adTopModule, #adTopbanner, #adTopboxright, #adTower1, #adTower2, #adTwo, #adUn_1, #adUn_2, #adUn_3, #adUnit, #adValue, #adVcss, #adWideSkyscraper, #adWrap, #adWrapper, #adWrapper1, #adWrapperLeft, #adWrapperRight, #adWrapperSky, #adZoneTop, #ad_0, #ad_02, #ad_03, #ad_04, #ad_120_sidebar, #ad_120x600, #ad_120x90, #ad_130x250_inhouse, #ad_160, #ad_160_600, #ad_160_600_2, #ad_160_container_left, #ad_160_container_right, #ad_160_sidebar, #ad_160x160, #ad_160x600, #ad_175x300, #ad_190x90, #ad_250, #ad_250x250, #ad_300, #ad_300_250, #ad_300_250_1, #ad_300_250_inline, #ad_300_container, #ad_300_interruptor, #ad_300_wrapper, #ad_300a, #ad_300b, #ad_300c, #ad_300misc, #ad_300x100, #ad_300x100_m_c, #ad_300x250, #ad_300x250Ando, #ad_300x250_1, #ad_300x250_2, #ad_300x250_3, #ad_300x250_container, #ad_300x250_content_column, #ad_300x250_frame, #ad_300x250_m_c, #ad_300x250_secondary, #ad_300x250_startgame, #ad_300x250m, #ad_300x60, #ad_300x600, #ad_300x600_1, #ad_300x90, #ad_336, #ad_336_singlebt, #ad_350_200, #ad_380x35, #ad_45, #ad_450x280, #ad_468_60, #ad_468x120, #ad_468x60, #ad_470x60a, #ad_48, #ad_49, #ad_500, #ad_500_label, #ad_500x150, #ad_51, #ad_57, #ad_6, #ad_7, #ad_700_90, #ad_700x430, #ad_728, #ad_728_foot, #ad_728_holder, #ad_728a, #ad_728b, #ad_728h, #ad_728x90, #ad_728x90_container { display: none!important; }
#ad_728x90_content, #ad_728x90home, #ad_728x91, #ad_8, #ad_88x31, #ad_9, #ad_940, #ad_984, #ad_990x90, #ad_A, #ad_B, #ad_B1, #ad_Banner, #ad_Bottom, #ad_C, #ad_C2, #ad_D, #ad_DisplayAd1, #ad_DisplayAd2, #ad_E, #ad_Entry_160x600, #ad_Entry_728x90, #ad_F, #ad_Feature_Middlebar_468x60, #ad_G, #ad_H, #ad_Header_768x90, #ad_Home_300x250, #ad_I, #ad_J, #ad_K, #ad_L, #ad_LargeRec01, #ad_M, #ad_Middle, #ad_Middle1, #ad_N, #ad_NorthBanner, #ad_O, #ad_P, #ad_Position1, #ad_Pushdown, #ad_R1, #ad_Right, #ad_Top, #ad_Top2, #ad_TopLongBanner, #ad_Wrap, #ad_YieldManager-160x600, #ad_YieldManager-300x250, #ad_YieldManager-728x90, #ad_above_game, #ad_ad, #ad_adsense, #ad_after_navbar, #ad_anchor, #ad_and_content_ad_box, #ad_article_btm, #ad_bannerManage_1, #ad_banner_1, #ad_banner_120x600, #ad_banner_125x300, #ad_banner_300x250, #ad_banner_468x60, #ad_banner_728x90, #ad_banner_728x90_bot, #ad_banner_bot, #ad_banner_example, #ad_banner_top, #ad_banners, #ad_banners_content, #ad_bar, #ad_bar_rect, #ad_bellow_post, #ad_bg, #ad_bg_image, #ad_big, #ad_bigbox, #ad_bigbox_companion, #ad_bigrectangle, #ad_bigsize, #ad_bigsize_wrapper, #ad_billboard, #ad_billboard2, #ad_billboard_ifm, #ad_block, #ad_block_0, #ad_block_1, #ad_block_2, #ad_block_300x250, #ad_block_mpu, #ad_board_after_forums, #ad_board_before_forums, #ad_body, #ad_bottom, #ad_bottom_1x1, #ad_bottom_728x90, #ad_bottom_another, #ad_bottom_article_text, #ad_bottom_footer, #ad_bottombrandtext, #ad_box, #ad_box02, #ad_box160a, #ad_box300x250, #ad_box_2, #ad_box_ad_0, #ad_box_ad_1, #ad_box_colspan, #ad_box_top, #ad_branding, #ad_bs_area, #ad_btmslot, #ad_bucket_med_rectangle_1, #ad_bucket_med_rectangle_2, #ad_buttons, #ad_category_middle, #ad_cell, #ad_center_monster, #ad_channel, #ad_chitikabanner_120x600LH, #ad_choices, #ad_circ300x250, #ad_circ_300_200, #ad_circ_300x250, #ad_circ_300x300, #ad_close, #ad_closebtn, #ad_cna2, #ad_comments, #ad_companion_banner, #ad_complex, #ad_comps_top, #ad_cont, #ad_cont1, #ad_cont2, #ad_container_0, #ad_container_300x250, #ad_container_marginal, #ad_container_side, #ad_container_sidebar, #ad_container_top, #ad_content_before_first_para, #ad_content_fullsize, #ad_content_primary, #ad_content_right, #ad_content_top, #ad_content_wrap, #ad_creative_2, #ad_creative_3, #ad_creative_5, #ad_cyborg, #ad_display_300_250, #ad_display_728_90, #ad_div, #ad_div_bottom, #ad_div_top, #ad_embed_300x250, #ad_fb_circ, #ad_feature, #ad_feedback, #ad_fg, #ad_firstpost, #ad_flyrelax, #ad_foot, #ad_footer, #ad_footer1, #ad_footerAd, #ad_footer_s, #ad_footer_small, #ad_frame, #ad_frame1, #ad_front_three, #ad_fullbanner, #ad_gallery, #ad_gallery_bot, #ad_global_300x250, #ad_global_header, #ad_global_header1, #ad_global_header2, #ad_google_content336, #ad_googlebanner_160x600LH, #ad_grp1, #ad_grp2, #ad_gutter_top, #ad_h3, #ad_haha_1, #ad_haha_4, #ad_halfpage, #ad_hdr_2, #ad_head, #ad_header_1, #ad_header_container, #ad_header_logo_placeholder, #ad_headerlarge, #ad_help_link_new, #ad_hf, #ad_hide_for_menu, #ad_holder, #ad_home, #ad_home_middle, #ad_horizontal, #ad_horseshoe_left, #ad_horseshoe_right, #ad_horseshoe_spacer, #ad_horseshoe_top, #ad_hotpots, #ad_houseslot1_desktop, #ad_houseslot_a, #ad_houseslot_b, #ad_hy_01, #ad_hy_02, #ad_hy_03, #ad_hy_04, #ad_hy_05, #ad_hy_06, #ad_hy_07, #ad_hy_08, #ad_iframe_160_by_600_middle, #ad_iframe_300, #ad_img, #ad_img_banner, #ad_in_arti, #ad_infoboard_box, #ad_inplace_1, #ad_interestmatch, #ad_interestmatch400, #ad_island, #ad_island2, #ad_island_incontent, #ad_island_incontent2, #ad_keywrods, #ad_kvadrat_under_player, #ad_label, #ad_large, #ad_large_rectangular, #ad_lastpost, #ad_layer, #ad_layer1, #ad_layer2, #ad_ldb, #ad_lead1, #ad_leader, #ad_leaderBoard, #ad_leaderboard2, #ad_leaderboard3, #ad_leaderboard728x90, #ad_leaderboard_1, #ad_leaderboard_flex, #ad_leaderboard_master { display: none!important; }
#ad_leaderboard_middle, #ad_leaderboard_top, #ad_leaderboardtwo, #ad_leaderborder_container1, #ad_left, #ad_left_1, #ad_left_2, #ad_left_3, #ad_left_skyscraper, #ad_left_skyscraper_2, #ad_left_top, #ad_leftslot, #ad_lft, #ad_link, #ad_links, #ad_links_footer, #ad_lnk, #ad_lrec, #ad_lwr_square, #ad_main_top, #ad_main_top_01, #ad_main_top_05, #ad_main_top_08, #ad_marker, #ad_mast, #ad_med_rect, #ad_medium, #ad_medium_rectangle, #ad_medium_rectangular, #ad_mediumrectangle, #ad_megabanner, #ad_menu_header, #ad_message, #ad_messageboard_x10, #ad_middle, #ad_middle_122, #ad_middle_2, #ad_middle_bottom, #ad_midstrip, #ad_ml, #ad_mobile, #ad_module, #ad_most_pop_234x60_req_wrapper, #ad_mpu, #ad_mpu2, #ad_mpu300x250, #ad_mpu_1, #ad_mpuav, #ad_mpuslot, #ad_mrcontent, #ad_mrec, #ad_mrec1, #ad_mrec2, #ad_msgplus-gallery-5, #ad_myFrame, #ad_netpromo, #ad_new, #ad_newsletter, #ad_num_1, #ad_num_2, #ad_num_3, #ad_one, #ad_overlay_content, #ad_overlay_countdown, #ad_overture, #ad_panel, #ad_panel_1, #ad_panel_2, #ad_panorama_top, #ad_pencil, #ad_ph_1, #ad_place, #ad_placeholder, #ad_play_300, #ad_plugs, #ad_post, #ad_post_300, #ad_poster, #ad_pr_info, #ad_primary, #ad_primaryAd, #ad_promoAd, #ad_publicidad, #ad_pushupbar-closed, #ad_rail, #ad_rect, #ad_rect1, #ad_rect2, #ad_rect3, #ad_rect_body, #ad_rect_bottom, #ad_rect_c, #ad_rectangle, #ad_rectangle_medium, #ad_rectangular, #ad_region1, #ad_region2, #ad_region3, #ad_region5, #ad_related_links_div, #ad_related_links_div_program, #ad_replace_div_0, #ad_replace_div_1, #ad_report_leaderboard, #ad_report_rectangle, #ad_results, #ad_right, #ad_right3, #ad_rightSidebarFirstBanner, #ad_rightSidebarSecondBanner, #ad_right_1, #ad_right_box, #ad_right_column1_1, #ad_right_column2_1, #ad_right_content_article_page, #ad_right_content_home, #ad_right_main, #ad_right_out, #ad_right_rail_bottom, #ad_right_rail_flex, #ad_right_rail_top, #ad_right_second, #ad_right_skyscraper, #ad_right_skyscraper_2, #ad_right_top, #ad_rightslot, #ad_righttop-300x250, #ad_ros_tower, #ad_rotator-2, #ad_rotator-3, #ad_row, #ad_row_home, #ad_rr_1, #ad_rside, #ad_rside_link, #ad_script_head, #ad_sec, #ad_sec_div, #ad_secondary, #ad_sense, #ad_sense_help, #ad_sgd, #ad_short, #ad_sidebar, #ad_sidebar1, #ad_sidebar2, #ad_sidebar3, #ad_sidebar_1, #ad_sidebar_top, #ad_silo, #ad_sitebar, #ad_skin, #ad_sky, #ad_sky1, #ad_sky2, #ad_sky3, #ad_skyscraper, #ad_skyscraper1, #ad_skyscraper120, #ad_skyscraper160x600, #ad_skyscraper2, #ad_skyscraper_1, #ad_skyscraper_right, #ad_skyscraper_text, #ad_slot, #ad_slot_bottom, #ad_slot_leaderboard, #ad_slot_livesky, #ad_slot_right_bottom, #ad_slot_right_top, #ad_slot_sky_top, #ad_small, #ad_space_300_250, #ad_space_728, #ad_space_top, #ad_sponsored, #ad_sponsorship_2, #ad_spot300x250, #ad_spot_a, #ad_spot_b, #ad_spotlight, #ad_squares, #ad_ss, #ad_stck, #ad_strapad, #ad_stream10, #ad_stream11, #ad_stream12, #ad_stream16, #ad_stream17, #ad_stream19, #ad_stream8, #ad_strip, #ad_takeover, #ad_tall, #ad_tbl, #ad_term_bottom_place, #ad_thread1_1, #ad_thread_first_post_content, #ad_thread_last_post_content, #ad_tile_home, #ad_topBanner, #ad_top_728x90, #ad_top_banner, #ad_top_bar, #ad_top_header_center, #ad_top_holder, #ad_topbanner, #ad_topmob, #ad_topnav, #ad_topslot_b, #ad_tp_banner_1, #ad_tp_banner_2, #ad_two, #ad_txt, #ad_under_game, #ad_unit2, #ad_unit_slot1, #ad_unit_slot2, #ad_unit_slot3, #ad_unit_slot4, #ad_vertical, #ad_video_abovePlayer, #ad_video_belowPlayer, #ad_video_large, #ad_website_top, #ad_wide, #ad_wide_box, #ad_widget, #ad_widget_1, #ad_window, #ad_wp_base, #ad_wrapper1, #ad_wrapper2, #ad_x10, #ad_x20, #ad_xrail_top, #ad_zone, #ad_zone1, #ad_zone2, #ad_zone3, #adamazonbox, #adaptvcompanion, #adbForum, #adbanner-home-left, #adbanner-home-right, #adbanner-middle, #adbanner-top-left, #adbanner-top-right, #adbanner00001 { display: none!important; }
#adbanner00002, #adbanner00003, #adbanner00004, #adbanner00005, #adbanner1, #adbanner_abovethefold_300, #adbanner_mobile_top, #adbannerbox, #adbannerdiv, #adbannerleft, #adbannerright, #adbannerwidget, #adbar_ad_1_div, #adbar_ad_2_div, #adbar_ad_3_div, #adbar_ad_4_div, #adbar_ads_container_div, #adbar_main_div, #adbarbox, #adbard, #adbdiv, #adbg_ad_0, #adbg_ad_1, #adbig, #adblade, #adblade-disc, #adbladeSp, #adblade_ad, #adblkad, #adblock-300x250, #adblock-big, #adblock-jango, #adblock-leaderboard, #adblock-small, #adblock1, #adblock2, #adblock4, #adblock_header_ad_1, #adblock_header_ad_1_inner, #adblock_sidebar_ad_2, #adblock_sidebar_ad_2_inner, #adblock_v, #adblockbottom, #adblockerMess, #adblockermessage, #adblockerwarnung, #adblockrighta, #adblocktop, #adblocktwo, #adbn, #adbn_UMU, #adbnr, #adbnr-l, #adbottom, #adbottomgao, #adbox-indivisual-body-topright, #adbox-placeholder-topbanner, #adbox-topbanner, #adbox1, #adbox2, #adbox300600, #adbox300x250_1, #adbox300x250_2, #adbox_right, #adbrite_inline_div, #adbritebottom, #adbutton, #adbuttons, #adcarousel, #adcatfish, #adcell, #adcenter, #adcenter2, #adcenter4, #adchoices-icon, #adchoices_container, #adclear, #adclose, #adcode1, #adcode10, #adcode2, #adcode3, #adcode4, #adcolContent, #adcolumn, #adcolumnwrapper, #adcontainer125px, #adcontainer2, #adcontainer250x250, #adcontainer3, #adcontainer5, #adcontainerRight, #adcontainer___gelement_adbanner_2_0, #adcontainer_top_ads, #adcontainsm, #adcontent1, #adcontextlinks, #adcontrolPushSite, #adcontrolhalfbanner, #adcontrolisland, #add-top, #add720, #add_160x600, #add_720bottom, #add_block_ad1, #add_block_ad2, #add_ciao2, #add_space_google, #add_space_sidebar, #addbottomleft, #addiv-bottom, #addiv-top, #addspaceleft, #addspaceright, #adfactor-label, #adfloat, #adfooter, #adfooter_728x90, #adfooter_hidden, #adframetop, #adfreead, #adhalfbanner_wrapper, #adhalfpage, #adhead_g, #adheadhubs, #adhesion, #adhesionAdSlot, #adhesionUnit, #adhide, #adholder, #adhome, #adhomepage, #adhzh, #adid10601, #adid2161, #adiframe1_iframe, #adiframe2_iframe, #adiframe3_iframe, #adigniter, #adimg, #adimg0, #adimg3, #adimg4, #adimg6, #adition_Skyscraper, #adition_content_ad, #adjacency, #adjacent-list-ad, #adjs_id, #adk2_slider_top_right, #adkit_content-block, #adkit_content-foot, #adkit_footer, #adkit_mrec1, #adkit_mrec2, #adkit_rectangle, #adkit_rnav-bt, #adkit_rnav-fb, #adl_120x600, #adl_250x250, #adl_300x100, #adl_300x120, #adl_300x250, #adl_300x250_td, #adl_728x90, #adl_individual_1, #adl_leaderboard, #adl_medium_rectangle, #adlabelFooter, #adlabelfooter, #adlabelheader, #adlanding, #adlandscape, #adlargeverti, #adlargevertimarginauto, #adlayerContainer, #adlayer_back, #adlayerad, #adleaderboard, #adleaderboard_flex, #adleaderboardb, #adleaderboardb_flex, #adleft, #adlhs, #adlink-13, #adlink-133, #adlink-19, #adlink-197, #adlink-213, #adlink-28, #adlink-55, #adlink-74, #adlink-98, #adlinks, #adlinkws, #adlove, #adlrec, #admain, #admanagerResultListBox, #admanager_leaderboard, #admanager_top_banner, #admaru_reminder, #admid, #admiddle3, #admiddle3center, #admiddle3left, #admiddleCenter, #admod2, #admon-300x250, #admon-728x90, #admpufoot, #admputop, #admsg, #admulti520, #adnet, #adnorth, #adops_cube, #adops_leaderboard, #adops_skyscraper, #adoptionsimg, #adoverlaysrc, #adpanel-block, #adplace, #adplaceholder_mpu01, #adplacement, #adplacer_preroll1, #adplate-content, #adpos-top, #adpos1-leaderboard, #adpos_3, #adposition, #adposition-C, #adposition-FPMM, #adposition-REM2, #adposition-SHADE, #adposition-TOCSS, #adposition-TVSP, #adposition-inner-REM1, #adposition-inner-REM3, #adposition1, #adposition10, #adposition1_container, #adposition2, #adposition4, #adpositionbottom, #adpostloader, #adpromo, #adprovider-default, #adrect, #adrectangle { display: none!important; }
#adrectanglea, #adrectanglea_flex, #adrectanglea_hidden, #adrectangleb, #adrectangleb_flex, #adrectmarginauto, #adrhs, #adrig, #adright2, #adrightbottom, #adrightgame, #adrighthome, #adrightrail, #adriver_middle, #adriver_top, #adrow, #adrow-house, #adrow1, #adrow3, #ads-1, #ads-125, #ads-125-2, #ads-160x600, #ads-200, #ads-200x200-a, #ads-250, #ads-300, #ads-300-250, #ads-300x250-L3-2, #ads-336x280, #ads-468, #ads-5, #ads-728x90, #ads-728x90-I3, #ads-728x90-I4, #ads-A, #ads-B, #ads-B1, #ads-C, #ads-C1, #ads-E, #ads-E1, #ads-F, #ads-G, #ads-H, #ads-K, #ads-area, #ads-article-left, #ads-banner, #ads-banner-top, #ads-block, #ads-block-frame, #ads-blog, #ads-bot, #ads-bottom, #ads-box-header-pb, #ads-by-google, #ads-category, #ads-center-text, #ads-contain-125, #ads-container-2, #ads-container-anchor, #ads-container-top, #ads-content, #ads-dell, #ads-div2, #ads-dw, #ads-footer, #ads-footer-inner, #ads-footer-wrap, #ads-google, #ads-h-left, #ads-h-right, #ads-header, #ads-header-728, #ads-home-468, #ads-horizontal, #ads-hoster-2, #ads-indextext, #ads-king, #ads-leader, #ads-leaderboard, #ads-leaderboard1, #ads-left-top, #ads-lrec, #ads-main, #ads-main-bottom, #ads-menu, #ads-middle, #ads-mn, #ads-mpu, #ads-outer, #ads-panel, #ads-post-468, #ads-post10, #ads-prices, #ads-rhs, #ads-right, #ads-right-bottom, #ads-right-cube, #ads-right-skyscraper, #ads-right-text, #ads-right-top, #ads-right-twobottom, #ads-rt, #ads-sidebar, #ads-sidebar-bottom, #ads-sidebar-skyscraper-unit, #ads-sidebar-top, #ads-slot, #ads-sponsored-boxes, #ads-sticky, #ads-text, #ads-top, #ads-top-728, #ads-tp, #ads-under-rotator, #ads-vers7, #ads-vertical, #ads-vertical-wrapper, #ads-wrap, #ads100Box, #ads100Middlei4, #ads120, #ads120_600-widget-2, #ads125, #ads160_600-widget-3, #ads160_600-widget-5, #ads160_600-widget-7, #ads160left, #ads1_sidebar, #ads2, #ads3, #ads300, #ads300-250, #ads300Bottom, #ads300Top, #ads300hp, #ads300k, #ads300x200, #ads300x250, #ads300x250_2, #ads300x250_single, #ads315, #ads336Box, #ads336x280, #ads340web, #ads4, #ads468x60, #ads50, #ads7, #ads728, #ads72890top, #ads728bottom, #ads728top, #ads728x90, #ads728x90_2, #ads790, #adsBannerFrame, #adsBar, #adsBottom, #adsBox-460_left, #adsBox-dynamic-right, #adsBoxResultsPage, #adsCTN, #adsCombo02_1, #adsCombo02_2, #adsCombo02_3, #adsCombo02_4, #adsCombo02_5, #adsCombo02_6, #adsCombo02_7, #adsContent, #adsDisplay, #adsDiv0, #adsDiv1, #adsDiv2, #adsDiv3, #adsDiv4, #adsDiv5, #adsDiv6, #adsDiv7, #adsGooglePos, #adsHeadLine, #adsHeading, #adsID, #adsIfrme1, #adsIfrme4, #adsLREC, #adsLeftZone1, #adsLeftZone2, #adsLinkFooter, #adsMpu, #adsNarrow, #adsPanel, #adsProdHighlight_wrap, #adsRight, #adsRightDiv, #adsRightVideo, #adsSPRBlock, #adsSuperCTN, #adsTop, #adsTopLeft, #adsZone, #adsZone1, #adsZone2, #adsZone_1, #ads_01, #ads_120x60_block, #ads_160, #ads_2015, #ads_2015_1, #ads_3, #ads_300, #ads_300x250, #ads_320_260, #ads_320_260_2, #ads_728, #ads_728x90, #ads_absolute_left, #ads_absolute_right, #ads_back, #ads_banner, #ads_banner1, #ads_banner_header, #ads_banner_right1, #ads_bar, #ads_belowforumlist, #ads_belownav, #ads_big, #ads_bigrec1, #ads_bigrec2, #ads_bigrec3, #ads_block, #ads_bottom_inner, #ads_bottom_outer, #ads_box, #ads_box1, #ads_box2, #ads_box_bottom, #ads_box_right, #ads_box_top, #ads_button, #ads_by_google, #ads_campaign, #ads_catDiv, #ads_center, #ads_center_banner, #ads_central, #ads_combo2 { display: none!important; }
#ads_container, #ads_content, #ads_dynamicShowcase, #ads_eo, #ads_expand, #ads_footer, #ads_fullsize, #ads_h, #ads_halfsize, #ads_header, #ads_header_games, #ads_horiz, #ads_horizontal, #ads_horz, #ads_html1, #ads_html2, #ads_im, #ads_inner, #ads_insert_container, #ads_layout_bottom, #ads_lb, #ads_lb_frame, #ads_leaderbottom, #ads_left, #ads_left_top, #ads_line, #ads_mads_r1, #ads_mads_r2, #ads_medrect, #ads_notice, #ads_pave, #ads_place, #ads_placeholder, #ads_player, #ads_player_audio, #ads_player_line, #ads_postdownload, #ads_pro_468_60_on_vid, #ads_r_c, #ads_right_sidebar, #ads_right_top, #ads_section_textlinks, #ads_side, #ads_sidebar_bgnd, #ads_sidebar_roadblock, #ads_sky, #ads_slide_div, #ads_space, #ads_space_header, #ads_special_center, #ads_sponsFeed-headline, #ads_sponsFeed-left, #ads_sponsored_link_pixel, #ads_superbanner1, #ads_superbanner2, #ads_superior, #ads_td, #ads_text, #ads_textlinks, #ads_title, #ads_top2, #ads_top_banner, #ads_top_container, #ads_top_right, #ads_top_sec, #ads_topbanner, #ads_tower1, #ads_tower_top, #ads_vert, #ads_video, #ads_watch_top_square, #ads_wide, #ads_zone27, #adsbot, #adsbottom, #adsbottombluesleft, #adsbox-left, #adsbox-right, #adsbox1, #adsbox2, #adsbox3, #adsbox336x280, #adsbox4, #adsbox728x90, #adsbysourcewidget-2, #adscenter, #adscolumn, #adscontainer, #adscontainer_background_back_index1100_all, #adscontainer_banner_new_bottom_index_1060, #adscontainer_banner_new_second_index_1060, #adscontainer_banner_new_top_index_1060_2, #adscontent, #adsctl00_AdsHome2, #adsd_contentad_r1, #adsd_contentad_r2, #adsd_contentad_r3, #adsd_topbanner, #adsd_txt_sky, #adsdaq160600, #adsdaq300250, #adsdaq72890, #adsdiv300, #adsdiv468, #adsdiv_close, #adsection, #adsense-2, #adsense-468x60, #adsense-area, #adsense-bottom, #adsense-end-300, #adsense-head-spacer, #adsense-header, #adsense-letterbox, #adsense-link, #adsense-middle, #adsense-module-bottom, #adsense-new, #adsense-post, #adsense-right, #adsense-sidebar, #adsense-tag, #adsense-text, #adsense-top, #adsense-wrap, #adsense03, #adsense04, #adsense05, #adsense1, #adsense160600, #adsense2, #adsense2pos, #adsense300x250, #adsense468, #adsense6, #adsense728, #adsenseArea, #adsenseHeader, #adsenseLeft, #adsenseOne, #adsenseWrap, #adsense_200_200_article, #adsense_300x250, #adsense_article_bottom, #adsense_article_left, #adsense_banner_top, #adsense_block_238x200, #adsense_block_350x320, #adsense_bottom_ad, #adsense_box, #adsense_box2, #adsense_box_video, #adsense_honeytrap, #adsense_image, #adsense_item_detail, #adsense_leaderboard, #adsense_overlay, #adsense_placeholder_2, #adsense_sidebar, #adsense_testa, #adsense_top, #adsense_unit5, #adsense_ziel, #adsensebreadcrumbs, #adsenseheader, #adsensehorizontal, #adsensempu, #adsensepo, #adsensepos, #adsensequadr, #adsenseskyscraper, #adsensetext, #adsensetopmobile, #adsensetopplay, #adsensewidget-3, #adserv, #adserve-Banner, #adserve-Leaderboard, #adserve-MPU, #adserve-Sky, #adserver_HeaderAd, #adsfundo, #adsground, #adshometop, #adshowbtm, #adshowtop, #adside, #adsideblock1, #adsider, #adsiframe, #adsimage, #adskinleft, #adskinlink, #adskinright, #adskintop, #adsky, #adskyleftdiv, #adskyrightdiv, #adskyscraper, #adskyscraper_flex, #adsleft1, #adslider, #adslist, #adslistbox, #adslot, #adslot-2-container, #adslot-3-container, #adslot-4-container, #adslot1, #adslot1173, #adslot1189, #adslot1202, #adslot2, #adslot3, #adslot4, #adslot5, #adslot6, #adslot7, #adslot_c2, #adslot_m1, #adslot_m2, #adslot_m3, #adsmegabanner, #adsmiddle, #adsnews, #adsonar, #adsonarBlock, #adspace-1, #adspace-2, #adspace-300x250, #adspace-728, #adspace-728x90, #adspace-bottom, #adspace-leaderboard-top, #adspace-one, #adspace-panorama, #adspace-top, #adspace300x250, #adspaceBox, #adspaceBox300, #adspaceBox300_150, #adspaceBox300white, #adspaceRow, #adspace_header, #adspace_leaderboard, #adspacer, #adspan, #adspdl-container, #adspecial_offer_box, #adsplace1 { display: none!important; }
#adsplace2, #adsplace4, #adsplash, #adsponsorImg, #adsponsored_links_box, #adspot, #adspot-1, #adspot-149x170, #adspot-1x4, #adspot-2, #adspot-295x60, #adspot-2a, #adspot-2b, #adspot-300x110-pos-1, #adspot-300x125, #adspot-300x250-pos1, #adspot-300x250-pos3, #adspot-300x600-pos1, #adspot-468x60-pos-2, #adspot-620x270-pos-1, #adspot-620x45-pos-1, #adspot-620x45-pos-2, #adspot-728x90, #adspot-728x90-pos-2, #adspot-728x90-pos1, #adspot-a, #adspot-bottom, #adspot-c, #adspot-d, #adspot-top, #adspot300x250, #adspot_220x90, #adspot_300x250, #adspot_300x250A_desktop, #adspot_468x60, #adspot_728x90, #adspotlight1, #adsquare, #adsquare2, #adsright, #adss, #adssidebar2, #adssidebar3, #adsspace, #adstd, #adstext2, #adstory, #adstrip, #adstripbottom, #adstripnew, #adstuff, #adswidget1-quick-adsense, #adswidget2-quick-adsense, #adswidget2-quick-adsense-reloaded-2, #adswizzBanner, #adsxpls2, #adszed-728x90, #adtab, #adtab-feedback2, #adtable_top, #adtag5, #adtag8, #adtag_right_side, #adtagfooter, #adtagheader, #adtagrightcol, #adtags_left, #adtaily, #adtaily-widget-light, #adtech_0, #adtech_1, #adtech_2, #adtech_3, #adtech_728or920_2, #adtech_googleslot_03c, #adtech_leaderboard01, #adtech_takeover, #adtechbanner728, #adtext-top-content, #adtopDet, #adtopHeader, #adtopPrograma, #adtop_dfp, #adtopbanner, #adtopbox, #adtopcenter, #adtophp, #adtrafficright, #adtxt, #adu-sto, #adundergame, #adunderpicture, #adunit, #adunit-mpu-atf, #adunit-mpu-atf-feed, #adunit-mpu-atf-sidebar, #adunit-mpu-btf-1, #adunit-mpu-btf-6, #adunit-mpu-btf-article, #adunit-mpu-btf-article-2, #adunit-mpu-btf-sidebar, #adunit-mpu-second, #adunit-pages1x1, #adunit-roadblock, #adunit300x500, #adunit_article_center_bottom_computer, #adunit_article_center_middle1_computer, #adunit_article_center_middle4_computer, #adunit_article_center_middle6_computer, #adunit_article_center_top_computer, #adunit_article_right_middle2_computer, #adunit_article_right_top_computer, #adunit_main_center_bottom_computer, #adunit_main_right_middle2_computer, #adunit_main_right_top_computer, #adunit_video, #adunitl, #adv-01, #adv-300, #adv-Top, #adv-box, #adv-comments-placeholder, #adv-companion-iframe, #adv-container, #adv-ext-ext-1, #adv-ext-ext-2, #adv-fb-container, #adv-google, #adv-gpt-masthead-leaderboard-container1, #adv-leaderboard, #adv-left, #adv-middle, #adv-middle1, #adv-midroll, #adv-mpux, #adv-preroll, #adv-right, #adv-right1, #adv-scrollable, #adv-servers-com-1, #adv-sticky-1, #adv-sticky-2, #adv-strip, #adv-text, #adv-title, #adv-x34, #adv-x35, #adv-x36, #adv-x37, #adv-x38, #adv-x39, #adv-x40, #adv130x195, #adv160x600, #adv170, #adv2_ban, #adv300bottom, #adv300top, #adv300x250, #adv300x250container, #adv3_ban, #adv468x90, #adv728, #adv728x90, #adv768x90, #advCard1, #advCard2, #advCard3, #advCarrousel, #advHome, #advHomevideo, #advMegaBanner, #advRectangle, #advRectangle1, #advSidebarDocBox, #advSkin, #advTop, #advTopRight_anchor, #advWrapper, #adv_01, #adv_02, #adv_11, #adv_300, #adv_300_600, #adv_300x250_1, #adv_300x250_2, #adv_300x250_3, #adv_468x60_content, #adv_5, #adv_52, #adv_6, #adv_62, #adv_65, #adv_7, #adv_70, #adv_71, #adv_728, #adv_728x90, #adv_73, #adv_94, #adv_96, #adv_97, #adv_98, #adv_BoxBottom, #adv_Inread, #adv_IntropageOvl, #adv_LdbMastheadPush, #adv_Reload, #adv_Skin, #adv_adsense_300_dx, #adv_adsense_300_m, #adv_banner_featured, #adv_banner_sidebar, #adv_bkg_cont, #adv_bootom, #adv_border, #adv_box_a, #adv_center, #adv_config, #adv_contents, #adv_contents_tem, #adv_google_300, #adv_google_728, #adv_halfpage, #adv_halfpage_title, #adv_holder, #adv_id, #adv_leaderboard, #adv_mpu1, #adv_mpu2, #adv_network, #adv_outbrain_SB_1_sidebar, #adv_overlay, #adv_overlay_content, #adv_r, #adv_right, #adv_skin, #adv_skin_1, #adv_skin_1_a, #adv_sky, #adv_sponsorRowFooter, #adv_sponsorRowHeader, #adv_sponsor_cat, #adv_textlink, #adv_textual_google_div, #adv_top, #adv_top_banner_wrapper, #adv_top_strip, #adv_video_sidebar, #adv_videobox { display: none!important; }
#adv_wallpaper, #adv_wallpaper2, #adv_wideleaderboard, #adver-top, #adver1, #adver2, #adver3, #adver4, #adver5, #adver6, #adver7, #adverFrame, #advert-1, #advert-120, #advert-2, #advert-ahead, #advert-banner, #advert-banner-wrap, #advert-block, #advert-boomer, #advert-box, #advert-column, #advert-container-top, #advert-display, #advert-footer, #advert-footer-hidden, #advert-header, #advert-hpu, #advert-island, #advert-leaderboard, #advert-left, #advert-links-bottom, #advert-mpu, #advert-placeholder-post-content-image-1, #advert-right, #advert-right-not-home, #advert-sky, #advert-skyscaper, #advert-skyscraper, #advert-stickysky, #advert-text, #advert-top, #advert-top-banner, #advert-wrapper, #advert1hp, #advert234_container, #advert2area, #advert2areasmall, #advert300x260, #advert3area, #advert3areasmall, #advertBanner, #advertBox, #advertBoxRight, #advertBoxSquare, #advertColumn, #advertControl4_advertLink, #advertCover, #advertDB, #advertMPUContainer, #advertMarkerHorizontalConatiner, #advertMarkerVerticalConatiner, #advertOverlay, #advertRight, #advertSection, #advertSeparator, #advertTop, #advertTopLarge, #advertTopSmall, #advertTower, #advertWrapper, #advert_01, #advert_04, #advert_05, #advert_07, #advert_1, #advert_125x125, #advert_250x250, #advert_300x2502, #advert_300x2503, #advert_561_01, #advert_561_02, #advert_561_03, #advert_561_04_container, #advert_561_04_left_end, #advert_561_04_right_end, #advert_561_05, #advert_561_07, #advert_back_160x600, #advert_back_300x250_1, #advert_back_300x250_2, #advert_banner, #advert_belowmenu, #advert_bottom_100x70, #advert_container, #advert_container_300, #advert_header, #advert_home01, #advert_home02, #advert_home03, #advert_home04, #advert_image1_0, #advert_image2_0, #advert_image3_0, #advert_leaderboard, #advert_lrec_format, #advert_media, #advert_mid, #advert_mpu, #advert_mpu_1, #advert_mpu_2, #advert_right1, #advert_right_skyscraper, #advert_sky, #advert_top, #advert_yell, #advertblock, #advertblock160, #advertblock300, #advertborder, #advertborder160, #advertbox2, #advertbox4, #advertcalc, #adverthome, #adverti, #advertise-here, #advertise-here-sidebar, #advertise-now, #advertise-sidebar, #advertise1, #advertise2, #advertiseBanner, #advertiseGoogle, #advertiseHere, #advertiseLink, #advertise_top, #advertisediv, #advertiseheretop, #advertisement-10, #advertisement-13, #advertisement-16, #advertisement-300x250, #advertisement-4, #advertisement-7, #advertisement-728x90, #advertisement-content, #advertisement-detail1, #advertisement-detail2, #advertisement-large, #advertisement-rightcolumn, #advertisement-text, #advertisement160x600, #advertisement2, #advertisement3, #advertisement728x90, #advertisementArea, #advertisementBottomThreadUser, #advertisementBox, #advertisementDIV2, #advertisementFooterTop, #advertisementHeaderBottom, #advertisementHorizontal, #advertisementLigatus, #advertisementPrio2, #advertisementRight, #advertisementRightcolumn0, #advertisementRightcolumn1, #advertisementThread, #advertisementTop, #advertisement_RightPanel, #advertisement_banner, #advertisement_block, #advertisement_box, #advertisement_container, #advertisement_label, #advertisement_notice, #advertisementblock1, #advertisementblock2, #advertisementblock3, #advertisements_bottom, #advertisements_sidebar, #advertisements_top, #advertisementsarticle, #advertisementsxml, #advertiser-container, #advertiserLinks, #advertiserReports, #advertisers-caption, #advertising-160x600, #advertising-300x250, #advertising-728x90, #advertising-banner, #advertising-caption, #advertising-container, #advertising-control, #advertising-mockup, #advertising-right, #advertising-skyscraper, #advertising-top, #advertising2-preroll, #advertising3, #advertising300x250, #advertisingBlocksLeaderboard, #advertisingBottomFull, #advertisingHrefTop, #advertisingLeftLeft, #advertisingLink, #advertisingModule160x600, #advertisingModule728x90, #advertisingRightColumn, #advertisingRightRight, #advertisingTop, #advertisingTopWrapper, #advertising_1, #advertising_2, #advertising_300, #advertising_300_under, #advertising_300x105, #advertising_320, #advertising_728, #advertising_728_under, #advertising_btm, #advertising_column, #advertising_container, #advertising_contentad, #advertising_header, #advertising_holder, #advertising_horiz_cont, #advertising_iab, #advertising_top_container, #advertisment-block-1, #advertisment-horizontal, #advertisment1, #advertismentBottom728x90_, #advertismentElementInUniversalbox, #advertisment_content, #advertisment_panel, #advertismentgoogle, #advertistop_td, #advertleft, #advertorial, #advertorial-box, #advertorial-wrap, #advertorial1, #advertorial_block_3, #advertorial_links, #advertorial_red_listblock, #adverts-top-container, #adverts-top-left { display: none!important; }
#adverts-top-middle, #adverts-top-right, #adverts_right, #advertscroll, #advertsingle, #advertspace, #advertssection, #adverttext, #adverttext160, #adverttop, #advetisement_300x250, #advframe, #advgeoul, #advgoogle, #advman-2, #advr_mobile, #advsingle, #advt, #advt-right-skyscraper, #advt_bottom, #advtbar, #advtext, #advtopright, #advx3_banner, #adwhitepaperwidget, #adwidget, #adwidget-5, #adwidget-6, #adwidget1, #adwidget2, #adwidget2_hidden, #adwidget3_hidden, #adwidget_hidden, #adwin, #adwin_rec, #adwith, #adwords-4-container, #adwords-box, #adwrap-295x295, #adwrap-722x90, #adwrap-729x90, #adwrap-966x90, #adxBigAd, #adxBigAd2, #adxLeaderboard, #adxMiddle, #adxMiddle5, #adxMiddleRight, #adxSponLink, #adxSponLink2, #adxSponLinkA, #adxToolSponsor, #adx_ad, #adx_ad_bottom, #adx_ad_bottom_close, #adxtop, #adxtop2, #adzbanner, #adzerk, #adzerk1, #adzerk2, #adzerk_by, #adzone, #adzone-halfpage_1, #adzone-leaderboard_1, #adzone-leaderboard_2, #adzone-middle1, #adzone-middle2, #adzone-mpu_1, #adzone-mpu_2, #adzone-parallax_1, #adzone-right, #adzone-sidebarSmallPromo1, #adzone-sidebarSmallPromo2, #adzone-teads, #adzone-top, #adzone-wallpaper, #adzone-weatherbar-logo, #adzoneBANNER, #adzone_content, #adzone_wall, #adzonebanner, #adzoneheader, #aetn_3tier_ad_bar, #af_ad_large, #af_ad_small, #af_adblock, #afc-container, #aff-ad-0, #affiliate_ad, #affinityBannerAd, #after-content-ad, #after-content-ads, #after-header-ad-left, #after-header-ad-right, #after-header-ads, #after_ad, #afterpostad, #agencies_ad, #agi-ad300x250, #agi-ad300x250overlay, #agi-sponsored, #alert_ads, #amazon-ads, #amazon_ad, #amazon_bsa_block, #ami_ad_cntnr, #amsSparkleAdFeedback, #amsSparkleAdWrapper, #amzn-native-ad-0, #amzn-native-ad-1, #amzn-native-ad-2, #amzn_assoc_ad_div_adunit0_0, #anAdScGame300x250, #analytics_ad, #analytics_banner, #anchorAd, #annoying_ad, #annoying_extra_ad_wrapper, #anyvan-ad, #ap-widget-ad, #ap-widget-ad-label, #ap_adframe, #ap_adtext, #ap_cu_overlay, #ap_cu_wrapper, #apiBackgroundAd, #apiTopAdContainer, #apiTopAdWrap, #apmNADiv, #apolload, #app_advertising_pregame_content, #app_advertising_rectangle, #app_advertising_rectangle_ph, #apt-homebox-ads, #araHealthSponsorAd, #area-adcenter, #area-left-ad, #area13ads, #area1ads, #article-ad, #article-ad-container, #article-advert, #article-advert-dfp, #article-agora-ad, #article-billboard-ad-1, #article-bottom-ad, #article-box-ad, #article-content-ad, #article-footer-sponsors, #article-island-ad, #article-sidebar-ad, #article-sponspred-content, #article-top-728x90-ad-wrapper, #articleAd, #articleAdReplacement, #articleBoard-ad, #articleLeftAdColumn, #articleSideAd, #article_LeftAdWords, #article_SponsoredLinks, #article_ad, #article_ad_1, #article_ad_3, #article_ad_bottom, #article_ad_bottom_cont, #article_ad_container, #article_ad_rt1, #article_ad_top, #article_ad_top_cont, #article_ad_w, #article_adholder, #article_ads, #article_advert, #article_banner_ad, #article_body_ad1, #article_bottom_ad01, #article_box_ad, #article_gallery_desktop_ad, #article_left_ad01, #article_sidebar_ad, #article_sidebar_ad_02, #articlead1, #articlead2, #articlead300x250r, #articleadblock, #articletop_ad, #articleview_ad, #articleview_ad2, #artist-ad-container, #as24-magazine-rightcol-adtag-1, #asideAd, #aside_ad, #asideads, #asinglead, #atad1, #atad2, #atlasAdDivGame, #atwAdFrame0, #atwAdFrame1, #atwAdFrame2, #atwAdFrame3, #atwAdFrame4, #autos_banner_ad, #aw-ad-container, #awds-nt1-ad, #awesome-ad, #awp_advertisements-2, #axdsense1, #b-ad-choices, #b-adw, #b5-skyscraper-ad-3, #b5_ad_footer, #b5_ad_sidebar1, #b5_ad_top, #b5ad300, #bLinkAdv, #babAdTop, #backad, #background-ad-head-spacer, #background-adv, #background_ad_left, #background_ad_right, #background_ads, #backgroundadvert, #ban_300x250, #ban_728x90, #banner-300x250, #banner-300x250-area, #banner-300x250-north, #banner-300x600-area, #banner-336x280-north, #banner-336x280-south, #banner-468x60, #banner-728, #banner-728adtag, #banner-728adtag-bottom, #banner-728x90, #banner-728x90-area, #banner-ad-container, #banner-ad-first, #banner-ad-last, #banner-ad-loader, #banner-ad-square-first, #banner-ad-square-last, #banner-ads, #banner-advert, #banner-lg-ad, #banner-skyscraper, #banner120x600 { display: none!important; }
#banner250x250, #banner300-top-right, #banner300x250, #banner468, #banner468x60, #banner600, #banner660x90, #banner728, #banner728x90, #banner975_container, #bannerAdContainer1_1, #bannerAdContainer1_2, #bannerAdContainer1_3, #bannerAdContainer1_4, #bannerAdContainer1_5, #bannerAdContainer1_6, #bannerAdContainer2_1, #bannerAdContainer2_2, #bannerAdContainer2_3, #bannerAdContainer2_4, #bannerAdContainer2_5, #bannerAdContainer2_6, #bannerAdFrame, #bannerAdLInk, #bannerAdRight3, #bannerAdTop, #bannerAdWrap, #bannerAd_ctr, #bannerAd_rdr, #bannerAds, #bannerAdsense, #bannerAdvert, #bannerGoogle, #banner_280_240, #banner_300_250, #banner_300x250_sidebar, #banner_468x60, #banner_ad_Sponsored, #banner_ad_bottom, #banner_ad_div_fw, #banner_ad_footer, #banner_ad_module, #banner_ad_placeholder, #banner_ad_top, #banner_admicro, #banner_ads, #banner_adsense, #banner_adv, #banner_advertisement, #banner_adverts, #banner_content_ad, #banner_mpu1, #banner_mpu3, #banner_sedo, #banner_slot, #banner_spacer, #banner_videoad, #banner_wrapper_top, #bannerad-bottom, #bannerad-top, #bannerad2, #banneradrow, #bannerads, #banneradspace, #banneradvert3, #barAdWrapper, #base-advertising-top, #base-board-ad, #baseAdvertising, #baseMedRec, #baseboard-ad, #baseboard-ad-wrapper, #basket-adContainer, #bbContentAds, #bb_ad_container, #bbadwrap, #bbccom_leaderboard, #bbccom_leaderboard_container, #bbccom_mpu, #bbccom_sponsor_section, #bbccom_sponsor_section_text, #bbccom_storyprintsponsorship, #bbo_ad1, #bcaster-ad, #bdnads-top-970x90, #before-footer-ad, #below-listings-ad, #below-menu-ad-header, #below-post-ad, #belowAd, #belowContactBoxAd, #belowNodeAds, #below_comments_ad_holder, #below_content_ad_container, #belowad, #belowheaderad, #bg-custom-ad, #bg-footer-ads, #bg-footer-ads2, #bg_YieldManager-160x600, #bg_YieldManager-300x250, #bg_YieldManager-728x90, #bg_banner_120x600, #bg_banner_468x60, #bg_banner_728x90, #bgad, #bh_adFrame_ag_300x250_atf, #bh_adFrame_bh_300x250_atf, #bh_adFrame_bh_300x250_btf, #big-ad-switch, #big-box-ad, #bigAd1, #bigAd2, #bigAdDiv, #bigBannerAd, #bigBoxAd, #bigBoxAdCont, #big_ad, #big_ad_label, #big_ads, #bigad300outer, #bigadbox, #bigadframe, #bigadspace, #bigadspot, #bigboard_ad, #bigboard_ad_ini, #bigbox-ad, #bigsidead, #billboard-ad-container, #billboard_ad, #bingadcontainer2, #bl11adv, #blancco-ad, #block--ex_dart-ex_dart_adblade_article, #block-ad_blocks-0, #block-ad_cube-0, #block-ad_cube-1, #block-adsense-0, #block-adsense-2, #block-adsense_managed-0, #block-adtech-middle1_300x250, #block-adtech-middle2_300x250, #block-adtech-top_300x250, #block-advert-content, #block-advert-content2, #block-advertisement, #block-advertorial, #block-appnexus-x20-oas-ad, #block-appnexus-x70-oas-ad-300x100, #block-bean-artadocean-splitter, #block-bean-artadocean-text-link-1, #block-bean-artadocean-text-link-2, #block-bean-artadocean300x250-1, #block-bean-artadocean300x250-3, #block-bean-artadocean300x250-6, #block-bean-in-content-ad, #block-boxes-taboola, #block-br-hhog-module-br-hhog-ad-billboard-front, #block-dart-dart-tag-ad_top_728x90, #block-dart-dart-tag-gfc-ad-top-2, #block-dctv-ad-banners-wrapper, #block-dfp-billboard-leaderboard, #block-dfp-mpu-1, #block-dfp-mpu-2, #block-dfp-mpu-3, #block-dfp-skyscraper_left_1, #block-dfp-skyscraper_left_2, #block-dfp-top, #block-dfptag-leaderboard-btf, #block-dfptag-rail-pos-1, #block-dfptag-rail-pos-2, #block-dfptag-rail-pos-3, #block-dfptag-rail-pos-4, #block-display-ads-leaderboard, #block-ex_dart-ex_dart_adblade_article, #block-ex_dart-ex_dart_sidebar_ad_block_bottom, #block-ex_dart-ex_dart_sidebar_ad_block_top, #block-fan-ad-fan-ad-front-leaderboard-bottom, #block-fan-ad-fan-ad-front-medrec-top, #block-fcc-advertising-first-sidebar-ad, #block-gavias-vinor-advrightheader, #block-google-ads, #block-ibtimestv-player-companion-ad, #block-localcom-localcom-ads, #block-nst-googledfp-site-takeover, #block-openads-0, #block-openads-1, #block-openads-13, #block-openads-14, #block-openads-2, #block-openads-3, #block-openads-4, #block-openads-5, #block-openads-brand, #block-panels-mini-top-ads, #block-sponsors, #block-spti_ga-spti_ga_adwords, #block-thewrap_ads_250x300-0, #block-thewrap_ads_250x300-1, #block-thewrap_ads_250x300-2, #block-thewrap_ads_250x300-3, #block-thewrap_ads_250x300-4, #block-thewrap_ads_250x300-5, #block-thewrap_ads_250x300-6, #block-thewrap_ads_250x300-7, #block-views-Advertorial-block_5, #block-views-Advertorial-block_6, #block-views-Advertorial-block_7, #block-views-ad-directory-block, #block-views-ads-header-0-block-block, #block-views-ads-header-top-block-block, #block-views-ads-sidebar-block-block, #block-views-ads-under-the-slider-block, #block-views-advertisement-block_1, #block-views-advertisements-block, #block-views-advt-story-bottom-block, #block-views-block-detail-page-ads-block-3, #block-views-custom-advertisement-2-block--2, #block-views-custom-advertisement-block--2, #block-views-premium-ad-slideshow-block, #block-views-sidebar-ad, #block-views-sponsor-block, #blockAd, #blockAds, #block_ad, #block_ad2, #block_ad_container, #block_advert, #block_a
[...]
ue_csm.ue.exec(function(e,f){var a=e.ue||{},b=a._wlo,d;if(a.ssw){d=a.ssw("CSM_previousURL").val;var c=f.location,b=b?b:c&amp;amp;&amp;amp;c.href?c.href.split("#")[0]:void 0;c=(b||"")===a.ssw("CSM_previousURL").val;!c&amp;amp;&amp;amp;b&amp;amp;&amp;amp;a.ssw("CSM_previousURL",b);d=c?"reload":d?"intrapage-transition":"first-view"}else d="unknown";a._nt=d},"NavTypeModule")(ue_csm,window);

&lt;/script&gt;
&lt;script type="text/javascript"&gt;
var ue_mbl=ue_csm.ue.exec(function(e,a){function l(f){b=f||{};a.AMZNPerformance=b;b.transition=b.transition||{};b.timing=b.timing||{};e.ue.exec(m,"csm-android-check")()&amp;amp;&amp;amp;b.tags instanceof Array&amp;amp;&amp;amp;(f=-1!=b.tags.indexOf("usesAppStartTime")||b.transition.type?!b.transition.type&amp;amp;&amp;amp;-1&amp;lt;b.tags.indexOf("usesAppStartTime")?"warm-start":void 0:"view-transition",f&amp;amp;&amp;amp;(b.transition.type=f));"reload"===c._nt&amp;amp;&amp;amp;e.ue_orct||"intrapage-transition"===c._nt?a.performance&amp;amp;&amp;amp;performance.timing&amp;amp;&amp;amp;performance.timing.navigationStart?
b.timing.transitionStart=a.performance.timing.navigationStart:delete b.timing.transitionStart:"undefined"===typeof c._nt&amp;amp;&amp;amp;a.performance&amp;amp;&amp;amp;performance.timing&amp;amp;&amp;amp;performance.timing.navigationStart&amp;amp;&amp;amp;a.history&amp;amp;&amp;amp;"function"===typeof a.History&amp;amp;&amp;amp;"object"===typeof a.history&amp;amp;&amp;amp;history.length&amp;amp;&amp;amp;1!=history.length&amp;amp;&amp;amp;(b.timing.transitionStart=a.performance.timing.navigationStart);f=b.transition;var d;d=c._nt?c._nt:void 0;f.subType=d;a.ue&amp;amp;&amp;amp;a.ue.tag&amp;amp;&amp;amp;a.ue.tag("has-AMZNPerformance");c.isl&amp;amp;&amp;amp;a.uex&amp;amp;&amp;amp;uex("at","csm-timing");
n()}function p(b){a.ue&amp;amp;&amp;amp;a.ue.count&amp;amp;&amp;amp;a.ue.count("csm-cordova-plugin-failed",1)}function m(){return a.webclient&amp;amp;&amp;amp;"function"===typeof a.webclient.getRealClickTime?a.cordova&amp;amp;&amp;amp;a.cordova.platformId&amp;amp;&amp;amp;"ios"==a.cordova.platformId?!1:!0:!1}function n(){try{P.register("AMZNPerformance",function(){return b})}catch(a){}}function h(){if(!b)return"";ue_mbl.cnt=null;for(var a=b.timing,d=b.transition,a=["mts",k(a.transitionStart),"mps",k(a.processStart),"mtt",d.type,"mtst",d.subType,"mtlt",d.launchType],d="",c=0;c&amp;lt;
a.length;c+=2){var e=a[c],g=a[c+1];"undefined"!==typeof g&amp;amp;&amp;amp;(d+="&amp;amp;"+e+"="+g)}return d}function k(a){if("undefined"!==typeof a&amp;amp;&amp;amp;"undefined"!==typeof g)return a-g}function q(a,c){b&amp;amp;&amp;amp;(g=c,b.timing.transitionStart=a,b.transition.type="view-transition",b.transition.subType="ajax-transition",b.transition.launchType="normal",ue_mbl.cnt=h)}var c=e.ue||{},g=e.ue_t0,b;if(a.P&amp;amp;&amp;amp;a.P.when&amp;amp;&amp;amp;a.P.register)return a.P.when("CSMPlugin").execute(function(a){a.buildAMZNPerformance&amp;amp;&amp;amp;a.buildAMZNPerformance({successCallback:l,
failCallback:p})}),{cnt:h,ajax:q}},"mobile-timing")(ue_csm,window);

&lt;/script&gt;
&lt;script type="text/javascript"&gt;
(function(b){function c(){var d=[];a.log&amp;amp;&amp;amp;a.log.isStub&amp;amp;&amp;amp;a.log.replay(function(a){e(d,a)});a.clog&amp;amp;&amp;amp;a.clog.isStub&amp;amp;&amp;amp;a.clog.replay(function(a){e(d,a)});d.length&amp;amp;&amp;amp;(a._flhs+=1,n(d),p(d))}function g(){a.log&amp;amp;&amp;amp;a.log.isStub&amp;amp;&amp;amp;(a.onflush&amp;amp;&amp;amp;a.onflush.replay&amp;amp;&amp;amp;a.onflush.replay(function(a){a[0]()}),a.onunload&amp;amp;&amp;amp;a.onunload.replay&amp;amp;&amp;amp;a.onunload.replay(function(a){a[0]()}),c())}function e(d,b){var c=b[1],f=b[0],e={};a._lpn[c]=(a._lpn[c]||0)+1;e[c]=f;d.push(e)}function n(b){q&amp;amp;&amp;amp;(a._lpn.csm=(a._lpn.csm||0)+1,b.push({csm:{k:"chk",
f:a._flhs,l:a._lpn,s:"inln"}}))}function p(a){if(h)a=k(a),b.navigator.sendBeacon(l,a);else{a=k(a);var c=new b[f];c.open("POST",l,!0);c.setRequestHeader&amp;amp;&amp;amp;c.setRequestHeader("Content-type","text/plain");c.send(a)}}function k(a){return JSON.stringify({rid:b.ue_id,sid:b.ue_sid,mid:b.ue_mid,mkt:b.ue_mkt,sn:b.ue_sn,reqs:a})}var f="XMLHttpRequest",q=1===b.ue_ddq,a=b.ue,r=b[f]&amp;amp;&amp;amp;"withCredentials"in new b[f],h=b.navigator&amp;amp;&amp;amp;b.navigator.sendBeacon,l="//"+b.ue_furl+"/1/batch/1/OE/",m=b.ue_fci_ft||5E3;a&amp;amp;&amp;amp;(r||h)&amp;amp;&amp;amp;
(a._flhs=a._flhs||0,a._lpn=a._lpn||{},a.attach&amp;amp;&amp;amp;(a.attach("beforeunload",g),a.attach("pagehide",g)),m&amp;amp;&amp;amp;b.setTimeout(c,m),a._ffci=c)})(window);

&lt;/script&gt;
&lt;script type="text/javascript"&gt;
ue_csm.ue.exec(function(w,a){function q(){if(d&amp;amp;&amp;amp;f){var a;a:{try{a=d.getItem(g);break a}catch(c){}a=void 0}if(a)return b=a,!0}return!1}function r(){b=h;k();if(f)try{d.setItem(g,b)}catch(a){}}function s(){b=1===a.ue_adb_chk?l:h;k();if(f)try{d.setItem(g,b)}catch(c){}}function m(){a.ue_adb_rtla&amp;amp;&amp;amp;c&amp;amp;&amp;amp;0&amp;lt;c.ec&amp;amp;&amp;amp;!1===n&amp;amp;&amp;amp;(c.elh=null,ueLogError({m:"Hit Info",fromOnError:1},{logLevel:"INFO",adb:b}),n=!0)}function k(){e.tag(b);e.isl&amp;amp;&amp;amp;a.uex&amp;amp;&amp;amp;uex("at",b);p&amp;amp;&amp;amp;p.updateCsmHit("adb",b);c&amp;amp;&amp;amp;0&amp;lt;c.ec?m():a.ue_adb_rtla&amp;amp;&amp;amp;c&amp;amp;&amp;amp;
(c.elh=m)}function t(){return b}if(a.ue_adb){a.ue_fadb=a.ue_fadb||10;var e=a.ue,h="adblk_yes",l="adblk_no",b="adblk_unk",d;a:{try{d=a.localStorage;break a}catch(x){}d=void 0}var g="csm:adb",c=a.ue_err,p=e.cookie,f=void 0!==a.localStorage,u=Math.random()&amp;gt;1-1/a.ue_fadb,n=!1,v=q();u||!v?e.uels("https://m.media-amazon.com/images/G/01/csm/showads.v2.js",{onerror:r,onload:s}):k();a.ue_isAdb=t;a.ue_isAdb.unk="adblk_unk";a.ue_isAdb.no=l;a.ue_isAdb.yes=h}},"adb")(document,window);

&lt;/script&gt;
&lt;script type="text/javascript"&gt;
ue_csm.ue_unrt = 750;
(function(d,b,t){function u(a,b){var c=a.srcElement||a.target||{},e={k:w,t:b.t,dt:b.dt,x:a.pageX,y:a.pageY,p:f.getXPath(c),n:c.nodeName};a.button&amp;amp;&amp;amp;(e.b=a.button);c.type&amp;amp;&amp;amp;(e.ty=c.type);c.href&amp;amp;&amp;amp;(e.r=f.extractStringValue(c.href));c.id&amp;amp;&amp;amp;(e.i=c.id);c.className&amp;amp;&amp;amp;c.className.split&amp;amp;&amp;amp;(e.c=c.className.split(/\s+/));g+=1;f.getFirstAscendingWidget(c,function(a){e.wd=a;d.ue.log(e,r)})}function x(a){if(!y(a.srcElement||a.target)){k+=1;n=!0;var v=h=d.ue.d(),c;p&amp;amp;&amp;amp;"function"===typeof p.now&amp;amp;&amp;amp;a.timeStamp&amp;amp;&amp;amp;(c=p.now()-
a.timeStamp,c=parseFloat(c.toFixed(2)));s=b.setTimeout(function(){u(a,{t:v,dt:c})},z)}}function A(a){if(a){var b=a.filter(B);a.length!==b.length&amp;amp;&amp;amp;(q=!0,l=d.ue.d(),n&amp;amp;&amp;amp;q&amp;amp;&amp;amp;(l&amp;amp;&amp;amp;h&amp;amp;&amp;amp;d.ue.log({k:C,t:h,m:Math.abs(l-h)},r),m(),q=!1,l=0))}}function B(a){if(!a)return!1;var b="characterData"===a.type?a.target.parentElement:a.target;if(!b||!b.hasAttributes||!b.attributes)return!1;var c={"class":["gw-clock","gw-clock-aria","s-item-container-height-auto","feed-carousel"],id:["dealClock","deal_expiry_timer","timer"],
role:["timer"]},e=!1;Object.keys(c).forEach(function(a){var d=b.attributes[a]?b.attributes[a].value:"";(c[a]||"").forEach(function(a){-1!==d.indexOf(a)&amp;amp;&amp;amp;(e=!0)})});return e}function y(a){if(!a)return!1;var b=(f.extractStringValue(a.nodeName)||"").toLowerCase(),c=(f.extractStringValue(a.type)||"").toLowerCase(),d=(f.extractStringValue(a.href)||"").toLowerCase();a=(f.extractStringValue(a.id)||"").toLowerCase();var g="checkbox color date datetime-local email file month number password radio range reset search tel text time url week".split(" ");
if(-1!==["select","textarea","html"].indexOf(b)||"input"===b&amp;amp;&amp;amp;-1!==g.indexOf(c)||"a"===b&amp;amp;&amp;amp;-1!==d.indexOf("http")||-1!==["sitbreaderrightpageturner","sitbreaderleftpageturner","sitbreaderpagecontainer"].indexOf(a))return!0}function m(){n=!1;h=0;b.clearTimeout(s)}function D(){b.ue.onSushiUnload(function(){ue.event({violationType:"unresponsive-clicks",violationCount:g,totalScanned:k},"csm","csm.ArmoredCXGuardrailsViolation.3")});b.ue.onunload(function(){ue.count("armored-cxguardrails.unresponsive-clicks.violations",
g);ue.count("armored-cxguardrails.unresponsive-clicks.violationRate",g/k*100||0)})}if(b.MutationObserver&amp;amp;&amp;amp;b.addEventListener&amp;amp;&amp;amp;Object.keys&amp;amp;&amp;amp;d&amp;amp;&amp;amp;d.ue&amp;amp;&amp;amp;d.ue.log&amp;amp;&amp;amp;d.ue_unrt&amp;amp;&amp;amp;d.ue_utils){var z=d.ue_unrt,r="cel",w="unr_mcm",C="res_mcm",p=b.performance,f=d.ue_utils,n=!1,h=0,s=0,q=!1,l=0,g=0,k=0;b.addEventListener&amp;amp;&amp;amp;(b.addEventListener("mousedown",x,!0),b.addEventListener("beforeunload",m,!0),b.addEventListener("visibilitychange",m,!0),b.addEventListener("pagehide",m,!0));b.ue&amp;amp;&amp;amp;b.ue.event&amp;amp;&amp;amp;b.ue.onSushiUnload&amp;amp;&amp;amp;
b.ue.onunload&amp;amp;&amp;amp;D();(new MutationObserver(A)).observe(t,{childList:!0,attributes:!0,characterData:!0,subtree:!0})}})(ue_csm,window,document);

&lt;/script&gt;
&lt;script type="text/javascript"&gt;
ue_csm.ue.exec(function(b,e){function q(){for(var a=0;a&amp;lt;f.length;a++)a:for(var d=r.replace(A,f[a])+g[f[a]]+s,c=arguments,b=0;b&amp;lt;c.length;b++)try{c[b].send(d);break a}catch(e){}g={};f=[];m=0;k=n}function t(){q(B,u)}function v(a,l,c){p++;if(p&amp;gt;w)d.count&amp;amp;&amp;amp;1==p-w&amp;amp;&amp;amp;(d.count("WeblabTriggerThresholdReached",1),b.ue_int&amp;amp;&amp;amp;console.error("Number of max call reached. Data will no longer be send"));else{var h=c||{};h&amp;amp;&amp;amp;-1&amp;lt;h.constructor.toString().indexOf(C)&amp;amp;&amp;amp;a&amp;amp;&amp;amp;-1&amp;lt;a.constructor.toString().indexOf(x)&amp;amp;&amp;amp;l&amp;amp;&amp;amp;-1&amp;lt;l.constructor.toString().indexOf(x)?
(h=b.ue_id,c&amp;amp;&amp;amp;c.rid&amp;amp;&amp;amp;(h=c.rid),c=h,a=encodeURIComponent(",wl="+a+"/"+l),2E3&amp;gt;a.length+n?(2E3&amp;lt;k+a.length&amp;amp;&amp;amp;t(),void 0===g[c]&amp;amp;&amp;amp;(g[c]="",f.push(c)),g[c]+=a,k+=a.length,m||(m=e.setTimeout(t,D))):b.ue_int&amp;amp;&amp;amp;console.error("Invalid API call. The input provided is over 2000 chars.")):d.count&amp;amp;&amp;amp;(d.count("WeblabTriggerImproperAPICall",1),b.ue_int&amp;amp;&amp;amp;console.error("Invalid API call. The input provided does not match the API protocol i.e ue.trigger(String, String, Object)."))}}function E(){d.trigger&amp;amp;&amp;amp;d.trigger.isStub&amp;amp;&amp;amp;
d.trigger.replay(function(a){v.apply(this,a)})}function y(){z||(f.length&amp;amp;&amp;amp;q(u),z=!0)}var s=":1234",r="//"+b.ue_furl+"/1/remote-weblab-triggers/1/OE/"+b.ue_mid+":"+b.ue_sid+":PLCHLDR_RID$s:wl-client-id%3DCSMTriger",A="PLCHLDR_RID",D=b.wtt||1E4,n=r.length+s.length,w=b.mwtc||2E3,F=e.XMLHttpRequest&amp;amp;&amp;amp;"withCredentials"in new e.XMLHttpRequest,x="String",C="Object",d=b.ue,g={},f=[],k=n,m,z=!1,p=0,B=function(){return{send:function(a){if(F){var b=new e.XMLHttpRequest;b.open("GET",a,!0);b.send()}else throw"";
}}}(),u=function(){return{send:function(a){(new Image).src=a}}}();e.encodeURIComponent&amp;amp;&amp;amp;(d.attach&amp;amp;&amp;amp;(d.attach("beforeunload",y),d.attach("pagehide",y)),E(),d.trigger=v)},"client-wbl-trg")(ue_csm,window);

&lt;/script&gt;

  











&lt;div style="position: absolute; top: 100px; z-index: -1; transition: top 1ms ease 0s;"&gt;&lt;/div&gt;&lt;div id="a-popover-root" style="z-index:-1;position:absolute;"&gt;&lt;/div&gt;&lt;script type="text/html" id="s-suggestion"&gt;&amp;lt;div id="&amp;lt;#= suggestionId #&amp;gt;"class="s-suggestion"data-alias="&amp;lt;#= alias #&amp;gt;"data-keyword="&amp;lt;#= keyword #&amp;gt;"data-store="&amp;lt;#= store #&amp;gt;"data-isSc="&amp;lt;#= isSpellCorrected #&amp;gt;"data-isFb="&amp;lt;#= isFallback #&amp;gt;"data-type="&amp;lt;#= type #&amp;gt;"data-nid="&amp;lt;#= browseNodeId #&amp;gt;"data-crid="&amp;lt;#= completionResponseId #&amp;gt;"&amp;gt;&amp;lt;# if (!skipDisplay) { for (var i = 0; i &amp;lt; highlightFragments.length; i++) {if (!highlightFragments[i].isHit) { #&amp;gt;&amp;lt;span class="s-heavy"&amp;gt;&amp;lt;# } #&amp;gt;&amp;lt;#= highlightFragments[i].text #&amp;gt;&amp;lt;# if (!highlightFragments[i].isHit) { #&amp;gt;&amp;lt;/span&amp;gt;&amp;lt;# } #&amp;gt;&amp;lt;# } #&amp;gt;&amp;lt;# } #&amp;gt;&amp;lt;# if (typeof storeHtml === "string") { #&amp;gt; &amp;lt;#= storeHtml #&amp;gt;&amp;lt;# } #&amp;gt;&amp;lt;/div&amp;gt;&lt;/script&gt;&lt;script type="text/html" id="suggestions-template"&gt;&amp;lt;div id="suggestions-template"&amp;gt;&amp;lt;# if (typeof biaTitle !== "undefined") { #&amp;gt;&amp;lt;a href="&amp;lt;#= biaWidgetUrl #&amp;gt;" style="text-decoration: none !important;"&amp;gt;&amp;lt;p class="s-bia-suggestion"&amp;gt;&amp;lt;strong&amp;gt;&amp;lt;#= biaTitle #&amp;gt;&amp;lt;/strong&amp;gt;&amp;lt;/p&amp;gt;&amp;lt;/a&amp;gt;&amp;lt;# } #&amp;gt;&amp;lt;div id="suggestions" dir="auto"&amp;gt;&amp;lt;# if (typeof suggestions !== "undefined") {for(var i=0; i &amp;lt; suggestions.length; i++) {var displayString = suggestions[i].display; #&amp;gt;&amp;lt;#= displayString #&amp;gt;&amp;lt;# }} #&amp;gt;&amp;lt;/div&amp;gt;&amp;lt;/div&amp;gt;&lt;/script&gt;&lt;script type="text/html" id="s-recentSearch"&gt;&amp;lt;div id="&amp;lt;#= suggestionId #&amp;gt;" class="s-suggestion s-recentSearch s-recentSearchDistinct" data-alias="&amp;lt;#= alias #&amp;gt;" data-keyword="&amp;lt;#= keyword #&amp;gt;" data-store="&amp;lt;#= store #&amp;gt;" data-isSc="false" data-isFb="false" data-type="&amp;lt;#= type #&amp;gt;"&amp;gt;&amp;lt;span class="s-heavy"&amp;gt;&amp;lt;#= bprefix #&amp;gt;&amp;lt;/span&amp;gt;&amp;lt;#= prefix #&amp;gt;&amp;lt;span class="s-heavy"&amp;gt;&amp;lt;#= suffix #&amp;gt;&amp;lt;/span&amp;gt;&amp;lt;# if (typeof storeHtml === "string") { #&amp;gt; &amp;lt;#= storeHtml #&amp;gt;&amp;lt;# } #&amp;gt;&amp;lt;span id="delete-&amp;lt;#= suggestionId #&amp;gt;" class="s-suggestion-deleteDistinct"&amp;gt;&amp;lt;i id="delete-icon-&amp;lt;#= suggestionId #&amp;gt;" class="a-icon a-icon-remove"&amp;gt;&amp;lt;/i&amp;gt;&amp;lt;/span&amp;gt; &amp;lt;/div&amp;gt;&lt;/script&gt;&lt;script type="text/html" id="s-separator"&gt;&amp;lt;div id="s-separator"&amp;gt;&amp;lt;div class="s-separator"&amp;gt;&amp;lt;/div&amp;gt;&amp;lt;/div&amp;gt;&lt;/script&gt;&lt;script type="text/html" id="s-option"&gt;&amp;lt;option value="&amp;lt;#= value #&amp;gt;"&amp;gt;&amp;lt;#= store #&amp;gt;&amp;lt;/option&amp;gt;&lt;/script&gt;&lt;script type="text/html" id="s-minimal"&gt;&amp;lt;div class="s-suggestion s-custom" data-url="&amp;lt;#= url #&amp;gt;"&amp;gt;&amp;lt;#= bprefix #&amp;gt;&amp;lt;span class="s-heavy"&amp;gt;&amp;lt;#= prefix #&amp;gt;&amp;lt;/span&amp;gt;&amp;lt;#= suffix #&amp;gt;&amp;lt;/div&amp;gt;&lt;/script&gt;&lt;script type="text/html" id="s-storeText"&gt;&amp;lt;span class="&amp;lt;#= cssClasses #&amp;gt;"&amp;gt;&amp;lt;#= store #&amp;gt;&amp;lt;/span&amp;gt;&lt;/script&gt;&lt;script type="text/html" id="s-nextSearch"&gt;&amp;lt;div id="&amp;lt;#= suggestionId #&amp;gt;" &amp;lt;# if (nextSearchTemplateType === "T2") { #&amp;gt;class="s-suggestion s-nextSearch s-nextSearch-block s-nextSearch-cell" &amp;lt;# } else { #&amp;gt;class="s-suggestion s-nextSearch" &amp;lt;# } #&amp;gt;data-alias="&amp;lt;#= alias #&amp;gt;" data-keyword="&amp;lt;#= keywords #&amp;gt;" data-isSc="false" data-isFb="false" data-type="&amp;lt;#= type #&amp;gt;"&amp;gt;&amp;lt;#= keywords #&amp;gt;&amp;lt;/div&amp;gt;&lt;/script&gt;&lt;script type="text/html" id="s-bia-list"&gt;&amp;lt;a id="&amp;lt;#= suggestionId #&amp;gt;" href="&amp;lt;#= dp #&amp;gt;" class="s-asin-sug-link"&amp;gt;&amp;lt;div class="s-asin-suggestion a-spacing-base" style="margin-bottom:13px !important"&amp;gt;&amp;lt;div class="s-asin-sug-inner"&amp;gt;&amp;lt;div class="s-asin-sug-image" style="opacity: 1;"&amp;gt;&amp;lt;img src="&amp;lt;#= image #&amp;gt;" class="s-asin-image"&amp;gt;&amp;lt;/div&amp;gt;&amp;lt;div class="s-size-mini s-sug-pp-caption"&amp;gt;&amp;lt;#= purchasedText #&amp;gt;&amp;lt;br/&amp;gt;&amp;lt;#= purchaseDate #&amp;gt;&amp;lt;/div&amp;gt;&amp;lt;/div&amp;gt;&amp;lt;/div&amp;gt;&amp;lt;/a&amp;gt;&lt;/script&gt;&lt;script type="text/html" id="s-bia-view-more"&gt;&amp;lt;a id="&amp;lt;#= suggestionId #&amp;gt;" href="&amp;lt;#= biaWidgetUrl #&amp;gt;" class="s-asin-sug-link"&amp;gt;&amp;lt;div class="s-asin-suggestion a-spacing-base" tyle="margin-bottom:13px !important"&amp;gt;&amp;lt;div class="s-asin-sug-inner" style="height:90px; position:relative;"&amp;gt;&amp;lt;div class="s-asin-sug-image" style="background-color: rgb(238, 238, 238); border-radius: 4px; position: absolute; top: 50%; left: 50%; transform: translate(-50%, -50%); height: auto; max-width: 90px !important; opacity: 1;"&amp;gt;&amp;lt;div&amp;gt;&amp;lt;div style="padding-bottom:100%;"&amp;gt;&amp;lt;/div&amp;gt;&amp;lt;p style="position:absolute; top:50%; left:50%; transform: translate(-50%,-50%); color:#000 !important;text-align: center;" class="a-size-small"&amp;gt;&amp;lt;#= viewAll #&amp;gt;&amp;lt;/p&amp;gt;&amp;lt;/div&amp;gt;&amp;lt;/div&amp;gt;&amp;lt;/div&amp;gt;&amp;lt;/div&amp;gt;&amp;lt;/a&amp;gt;&lt;/script&gt;&lt;script type="text/html" id="s-qu-suggestion"&gt;&amp;lt;div id="&amp;lt;#= suggestionId #&amp;gt;"class="s-suggestion s-qu-suggestion"data-keyword="&amp;lt;#= keyword #&amp;gt;"data-store="&amp;lt;#= store #&amp;gt;"data-isSc="&amp;lt;#= isSpellCorrected #&amp;gt;"data-type="&amp;lt;#= type #&amp;gt;"data-qu-type="&amp;lt;#= qu.type #&amp;gt;"data-qu-value="&amp;lt;#= qu.value #&amp;gt;"data-crid="&amp;lt;#= completionResponseId #&amp;gt;"&amp;gt;&amp;lt;span class="s-qu-display-string"&amp;gt;&amp;lt;#= qu.displayString  #&amp;gt;&amp;lt;/span&amp;gt;&amp;lt;/div&amp;gt;&lt;/script&gt;

    
            &lt;div class="fwcim-container"&gt;&lt;/div&gt;&lt;/body&gt;&lt;div&gt;&lt;/div&gt;&lt;/html&gt;</msg>
<kw name="Capture Page Screenshot" library="SeleniumLibrary">
<doc>Takes screenshot of the current page and embeds it into log file.</doc>
<msg timestamp="20181209 22:12:37.076" level="INFO" html="yes">&lt;/td&gt;&lt;/tr&gt;&lt;tr&gt;&lt;td colspan="3"&gt;&lt;a href="selenium-screenshot-1.png"&gt;&lt;img src="selenium-screenshot-1.png" width="800px"&gt;&lt;/a&gt;</msg>
<status status="PASS" starttime="20181209 22:12:36.728" endtime="20181209 22:12:37.076"></status>
</kw>
<msg timestamp="20181209 22:12:37.077" level="FAIL">Page should have contained element 'ap_signin1a_pagelet_title' but did not.</msg>
<status status="FAIL" starttime="20181209 22:12:36.624" endtime="20181209 22:12:37.077"></status>
</kw>
<status status="FAIL" starttime="20181209 22:12:36.623" endtime="20181209 22:12:37.077"></status>
</kw>
<doc>When a user adds an item to their cart and proceeds to checkout, they must log in before continuing.</doc>
<tags>
<tag>Smoke</tag>
</tags>
<status status="FAIL" starttime="20181209 22:12:22.159" endtime="20181209 22:12:37.078" critical="yes">Page should have contained element 'ap_signin1a_pagelet_title' but did not.</status>
</test>
<doc>An improved version of the Amazon.robot test script.</doc>
<status status="FAIL" starttime="20181209 22:12:22.062" endtime="20181209 22:12:37.078"></status>
</suite>
<status status="FAIL" starttime="20181209 22:12:22.061" endtime="20181209 22:12:37.080"></status>
</suite>
<status status="FAIL" starttime="20181209 22:12:22.044" endtime="20181209 22:12:37.081"></status>
</suite>
<statistics>
<total>
<stat pass="0" fail="1">Critical Tests</stat>
<stat pass="0" fail="1">All Tests</stat>
</total>
<tag>
<stat pass="0" fail="1">Smoke</stat>
</tag>
<suite>
<stat pass="0" fail="1" id="s1" name="Hello World Scripts">Hello World Scripts</stat>
<stat pass="0" fail="1" id="s1-s1" name="Tests">Hello World Scripts.Tests</stat>
<stat pass="0" fail="1" id="s1-s1-s1" name="AmazonImproved">Hello World Scripts.Tests.AmazonImproved</stat>
</suite>
</statistics>
<errors>
</errors>
</robot>
